[INFO] Scanning for projects...
[INFO] 
[INFO] --------------------------< com.example:demo >--------------------------
[INFO] Building demo 0.0.1-SNAPSHOT
[INFO]   from pom.xml
[INFO] --------------------------------[ jar ]---------------------------------
[INFO] 
[INFO] >>> spring-boot:4.0.1:run (default-cli) > test-compile @ demo >>>
[INFO] 
[INFO] --- resources:3.3.1:resources (default-resources) @ demo ---
[INFO] Copying 3 resources from src\main\resources to target\classes
[INFO] Copying 54 resources from src\main\resources to target\classes
[INFO] 
[INFO] --- compiler:3.14.1:compile (default-compile) @ demo ---
[INFO] Nothing to compile - all classes are up to date.
[INFO] 
[INFO] --- resources:3.3.1:testResources (default-testResources) @ demo ---
[INFO] skip non existing resourceDirectory C:\Users\duong\Desktop\SE2\SE2_Thymleaf\SE2\src\test\resources
[INFO] 
[INFO] --- compiler:3.14.1:testCompile (default-testCompile) @ demo ---
[INFO] Nothing to compile - all classes are up to date.
[INFO] 
[INFO] <<< spring-boot:4.0.1:run (default-cli) < test-compile @ demo <<<
[INFO] 
[INFO] 
[INFO] --- spring-boot:4.0.1:run (default-cli) @ demo ---
[INFO] Attaching agents: []

  .   ____          _            __ _ _
 /\\ / ___'_ __ _ _(_)_ __  __ _ \ \ \ \
( ( )\___ | '_ | '_| | '_ \/ _` | \ \ \ \
 \\/  ___)| |_)| | | | | || (_| |  ) ) ) )
  '  |____| .__|_| |_|_| |_\__, | / / / /
 =========|_|==============|___/=/_/_/_/

 :: Spring Boot ::                (v4.0.1)

2026-03-28T21:54:18.228+07:00  INFO 23008 --- [SE2] [  restartedMain] com.example.SE2.Se2Application           : Starting Se2Application using Java 21.0.8 with PID 23008 (C:\Users\duong\Desktop\SE2\SE2_Thymleaf\SE2\target\classes started by duong in C:\Users\duong\Desktop\SE2\SE2_Thymleaf\SE2)
2026-03-28T21:54:18.231+07:00  INFO 23008 --- [SE2] [  restartedMain] com.example.SE2.Se2Application           : No active profile set, falling back to 1 default profile: "default"
2026-03-28T21:54:18.452+07:00  INFO 23008 --- [SE2] [  restartedMain] o.s.b.devtools.restart.ChangeableUrls    : The Class-Path manifest attribute in C:\Users\duong\.m2\repository\io\github\cdimascio\java-dotenv\5.2.2\java-dotenv-5.2.2.jar referenced one or more files that do not exist: file:/C:/Users/duong/.m2/repository/io/github/cdimascio/java-dotenv/5.2.2/kotlin-stdlib-1.4.0.jar,file:/C:/Users/duong/.m2/repository/io/github/cdimascio/java-dotenv/5.2.2/kotlin-stdlib-common-1.4.0.jar,file:/C:/Users/duong/.m2/repository/io/github/cdimascio/java-dotenv/5.2.2/annotations-13.0.jar
2026-03-28T21:54:18.452+07:00  INFO 23008 --- [SE2] [  restartedMain] .e.DevToolsPropertyDefaultsPostProcessor : Devtools property defaults active! Set 'spring.devtools.add-properties' to 'false' to disable
2026-03-28T21:54:18.452+07:00  INFO 23008 --- [SE2] [  restartedMain] .e.DevToolsPropertyDefaultsPostProcessor : For additional web related logging consider setting the 'logging.level.web' property to 'DEBUG'
2026-03-28T21:54:19.180+07:00  INFO 23008 --- [SE2] [  restartedMain] .s.d.r.c.RepositoryConfigurationDelegate : Bootstrapping Spring Data JPA repositories in DEFAULT mode.
2026-03-28T21:54:19.338+07:00  INFO 23008 --- [SE2] [  restartedMain] .s.d.r.c.RepositoryConfigurationDelegate : Finished Spring Data repository scanning in 150 ms. Found 16 JPA repository interfaces.
2026-03-28T21:54:19.933+07:00  INFO 23008 --- [SE2] [  restartedMain] o.s.boot.tomcat.TomcatWebServer          : Tomcat initialized with port 9000 (http)
2026-03-28T21:54:19.944+07:00  INFO 23008 --- [SE2] [  restartedMain] o.apache.catalina.core.StandardService   : Starting service [Tomcat]
2026-03-28T21:54:19.944+07:00  INFO 23008 --- [SE2] [  restartedMain] o.apache.catalina.core.StandardEngine    : Starting Servlet engine: [Apache Tomcat/11.0.15]
2026-03-28T21:54:19.989+07:00  INFO 23008 --- [SE2] [  restartedMain] b.w.c.s.WebApplicationContextInitializer : Root WebApplicationContext: initialization completed in 1536 ms
2026-03-28T21:54:20.151+07:00  INFO 23008 --- [SE2] [  restartedMain] org.hibernate.orm.jpa                    : HHH008540: Processing PersistenceUnitInfo [name: default]
2026-03-28T21:54:20.197+07:00  INFO 23008 --- [SE2] [  restartedMain] org.hibernate.orm.core                   : HHH000001: Hibernate ORM core version 7.2.0.Final
2026-03-28T21:54:20.454+07:00  INFO 23008 --- [SE2] [  restartedMain] com.zaxxer.hikari.HikariDataSource       : HikariPool-1 - Starting...
2026-03-28T21:54:20.544+07:00  INFO 23008 --- [SE2] [  restartedMain] com.zaxxer.hikari.pool.HikariPool        : HikariPool-1 - Added connection org.postgresql.jdbc.PgConnection@6d6908c7
2026-03-28T21:54:20.545+07:00  INFO 23008 --- [SE2] [  restartedMain] com.zaxxer.hikari.HikariDataSource       : HikariPool-1 - Start completed.
2026-03-28T21:54:20.611+07:00  INFO 23008 --- [SE2] [  restartedMain] org.hibernate.orm.connections.pooling    : HHH10001005: Database info:
	Database JDBC URL [jdbc:postgresql://localhost:5432/se2-new]
	Database driver: PostgreSQL JDBC Driver
	Database dialect: PostgreSQLDialect
	Database version: 18.3
	Default catalog/schema: se2-new/public
	Autocommit mode: undefined/unknown
	Isolation level: READ_COMMITTED [default READ_COMMITTED]
	JDBC fetch size: none
	Pool: DataSourceConnectionProvider
	Minimum pool size: undefined/unknown
	Maximum pool size: undefined/unknown
2026-03-28T21:54:20.787+07:00  INFO 23008 --- [SE2] [  restartedMain] o.s.o.j.p.SpringPersistenceUnitInfo      : No LoadTimeWeaver setup: ignoring JPA class transformer
2026-03-28T21:54:21.847+07:00  INFO 23008 --- [SE2] [  restartedMain] org.hibernate.orm.core                   : HHH000489: No JTA platform available (set 'hibernate.transaction.jta.platform' to enable JTA platform integration)
2026-03-28T21:54:21.928+07:00  INFO 23008 --- [SE2] [  restartedMain] j.LocalContainerEntityManagerFactoryBean : Initialized JPA EntityManagerFactory for persistence unit 'default'
2026-03-28T21:54:22.011+07:00  INFO 23008 --- [SE2] [  restartedMain] o.s.d.j.r.query.QueryEnhancerFactories   : Hibernate is in classpath; If applicable, HQL parser will be used.
2026-03-28T21:54:23.066+07:00  WARN 23008 --- [SE2] [  restartedMain] JpaBaseConfiguration$JpaWebConfiguration : spring.jpa.open-in-view is enabled by default. Therefore, database queries may be performed during view rendering. Explicitly configure spring.jpa.open-in-view to disable this warning
2026-03-28T21:54:23.146+07:00  INFO 23008 --- [SE2] [  restartedMain] r$InitializeUserDetailsManagerConfigurer : Global AuthenticationManager configured with UserDetailsService bean with name userDetailServiceImpl
2026-03-28T21:54:23.968+07:00  INFO 23008 --- [SE2] [  restartedMain] o.s.boot.tomcat.TomcatWebServer          : Tomcat started on port 9000 (http) with context path '/'
2026-03-28T21:54:23.973+07:00  INFO 23008 --- [SE2] [  restartedMain] com.example.SE2.Se2Application           : Started Se2Application in 6.127 seconds (process running for 6.606)
Hibernate: 
    select
        count(*) 
    from
        novel n1_0
Hibernate: 
    select
        r1_0.id,
        r1_0.created_at,
        r1_0.name,
        r1_0.updated_at 
    from
        roles r1_0 
    where
        r1_0.name=?
Hibernate: 
    select
        r1_0.id,
        r1_0.created_at,
        r1_0.name,
        r1_0.updated_at 
    from
        roles r1_0 
    where
        r1_0.name=?
Hibernate: 
    select
        u1_0.id,
        u1_0.avatar_url,
        u1_0.created_at,
        u1_0.email,
        u1_0.first_name,
        u1_0.is_deleted,
        u1_0.is_logged_in,
        u1_0.last_name,
        u1_0.password,
        u1_0.phone,
        u1_0.provider,
        u1_0.reset_password_token,
        u1_0.updated_at,
        u1_0.username 
    from
        users u1_0 
    where
        u1_0.email=?
Hibernate: 
    select
        r1_0.user_id,
        r1_1.id,
        r1_1.created_at,
        r1_1.name,
        r1_1.updated_at 
    from
        user_role r1_0 
    join
        roles r1_1 
            on r1_1.id=r1_0.role_id 
    where
        r1_0.user_id=?
2026-03-28T21:54:24.137+07:00  INFO 23008 --- [SE2] [  restartedMain] com.example.SE2.configs.DataSeed         : Admin created: admin@gmail.com
2026-03-28T21:54:43.875+07:00  INFO 23008 --- [SE2] [nio-9000-exec-1] o.a.c.c.C.[Tomcat].[localhost].[/]       : Initializing Spring DispatcherServlet 'dispatcherServlet'
2026-03-28T21:54:43.876+07:00  INFO 23008 --- [SE2] [nio-9000-exec-1] o.s.web.servlet.DispatcherServlet        : Initializing Servlet 'dispatcherServlet'
2026-03-28T21:54:43.877+07:00  INFO 23008 --- [SE2] [nio-9000-exec-1] o.s.web.servlet.DispatcherServlet        : Completed initialization in 1 ms
2026-03-28T21:54:43.887+07:00  WARN 23008 --- [SE2] [nio-9000-exec-1] o.s.w.s.h.HandlerMappingIntrospector     : Cache miss for REQUEST dispatch to '/novels/chapter/1' (previous null). Performing CorsConfiguration lookup. This is logged once only at WARN level, and every time at TRACE.
Hibernate: 
    select
        c1_0.id,
        c1_0.chapter_number,
        c1_0.content,
        c1_0.created_at,
        c1_0.novel_id,
        c1_0.paragraphs,
        c1_0.title,
        c1_0.updated_at 
    from
        chapter c1_0 
    where
        c1_0.id=?
Hibernate: 
    select
        c1_0.id,
        c1_0.chapter_number,
        c1_0.content,
        c1_0.created_at,
        c1_0.novel_id,
        c1_0.paragraphs,
        c1_0.title,
        c1_0.updated_at 
    from
        chapter c1_0 
    where
        c1_0.novel_id=? 
    order by
        c1_0.chapter_number
Hibernate: 
    select
        c1_0.id,
        c1_0.chapter_number,
        c1_0.content,
        c1_0.created_at,
        c1_0.novel_id,
        c1_0.paragraphs,
        c1_0.title,
        c1_0.updated_at 
    from
        chapter c1_0 
    where
        c1_0.novel_id=? 
        and c1_0.chapter_number>? 
    order by
        c1_0.chapter_number 
    fetch
        first ? rows only
Hibernate: 
    select
        c1_0.id,
        c1_0.chapter_number,
        c1_0.content,
        c1_0.created_at,
        c1_0.novel_id,
        c1_0.paragraphs,
        c1_0.title,
        c1_0.updated_at 
    from
        chapter c1_0 
    where
        c1_0.novel_id=? 
        and c1_0.chapter_number<? 
    order by
        c1_0.chapter_number desc 
    fetch
        first ? rows only
Hibernate: 
    select
        count(pc1_0.id) 
    from
        paragraph_comment pc1_0 
    where
        pc1_0.chapter_id=? 
        and pc1_0.paragraph_index=?
Hibernate: 
    select
        count(pc1_0.id) 
    from
        paragraph_comment pc1_0 
    where
        pc1_0.chapter_id=? 
        and pc1_0.paragraph_index=?
Hibernate: 
    select
        count(pc1_0.id) 
    from
        paragraph_comment pc1_0 
    where
        pc1_0.chapter_id=? 
        and pc1_0.paragraph_index=?
Hibernate: 
    select
        count(pc1_0.id) 
    from
        paragraph_comment pc1_0 
    where
        pc1_0.chapter_id=? 
        and pc1_0.paragraph_index=?
Hibernate: 
    select
        count(pc1_0.id) 
    from
        paragraph_comment pc1_0 
    where
        pc1_0.chapter_id=? 
        and pc1_0.paragraph_index=?
Hibernate: 
    select
        count(pc1_0.id) 
    from
        paragraph_comment pc1_0 
    where
        pc1_0.chapter_id=? 
        and pc1_0.paragraph_index=?
Hibernate: 
    select
        count(pc1_0.id) 
    from
        paragraph_comment pc1_0 
    where
        pc1_0.chapter_id=? 
        and pc1_0.paragraph_index=?
Hibernate: 
    select
        count(pc1_0.id) 
    from
        paragraph_comment pc1_0 
    where
        pc1_0.chapter_id=? 
        and pc1_0.paragraph_index=?
Hibernate: 
    select
        pc1_0.id,
        pc1_0.chapter_id,
        pc1_0.content,
        pc1_0.created_at,
        pc1_0.paragraph_index,
        pc1_0.parent_comment_id,
        pc1_0.updated_at,
        pc1_0.user_id 
    from
        paragraph_comment pc1_0 
    where
        pc1_0.chapter_id=? 
        and pc1_0.parent_comment_id is null 
    order by
        pc1_0.created_at desc
Hibernate: 
    select
        n1_0.id,
        n1_0.author,
        n1_0.average_rating,
        n1_0.cover_img_url,
        n1_0.created_at,
        n1_0.description,
        n1_0.public_id,
        n1_0.status,
        n1_0.title,
        n1_0.updated_at 
    from
        novel n1_0 
    where
        n1_0.id=?
Hibernate: 
    select
        u1_0.id,
        u1_0.avatar_url,
        u1_0.created_at,
        u1_0.email,
        u1_0.first_name,
        u1_0.is_deleted,
        u1_0.is_logged_in,
        u1_0.last_name,
        u1_0.password,
        u1_0.phone,
        u1_0.provider,
        u1_0.reset_password_token,
        r1_0.user_id,
        r1_1.id,
        r1_1.created_at,
        r1_1.name,
        r1_1.updated_at,
        u1_0.updated_at,
        u1_0.username 
    from
        users u1_0 
    left join
        user_role r1_0 
            on u1_0.id=r1_0.user_id 
    left join
        roles r1_1 
            on r1_1.id=r1_0.role_id 
    where
        u1_0.id=?
Hibernate: 
    select
        r1_0.parent_comment_id,
        r1_0.id,
        r1_0.chapter_id,
        r1_0.content,
        r1_0.created_at,
        r1_0.paragraph_index,
        r1_0.updated_at,
        r1_0.user_id 
    from
        paragraph_comment r1_0 
    where
        r1_0.parent_comment_id=?
Hibernate: 
    select
        u1_0.id,
        u1_0.avatar_url,
        u1_0.created_at,
        u1_0.email,
        u1_0.first_name,
        u1_0.is_deleted,
        u1_0.is_logged_in,
        u1_0.last_name,
        u1_0.password,
        u1_0.phone,
        u1_0.provider,
        u1_0.reset_password_token,
        r1_0.user_id,
        r1_1.id,
        r1_1.created_at,
        r1_1.name,
        r1_1.updated_at,
        u1_0.updated_at,
        u1_0.username 
    from
        users u1_0 
    left join
        user_role r1_0 
            on u1_0.id=r1_0.user_id 
    left join
        roles r1_1 
            on r1_1.id=r1_0.role_id 
    where
        u1_0.id=?
Hibernate: 
    select
        r1_0.parent_comment_id,
        r1_0.id,
        r1_0.chapter_id,
        r1_0.content,
        r1_0.created_at,
        r1_0.paragraph_index,
        r1_0.updated_at,
        r1_0.user_id 
    from
        paragraph_comment r1_0 
    where
        r1_0.parent_comment_id=?
Hibernate: 
    select
        c1_0.id,
        c1_0.chapter_number,
        c1_0.content,
        c1_0.created_at,
        c1_0.novel_id,
        c1_0.paragraphs,
        c1_0.title,
        c1_0.updated_at 
    from
        chapter c1_0 
    where
        c1_0.id=?
Hibernate: 
    select
        c1_0.id,
        c1_0.chapter_number,
        c1_0.content,
        c1_0.created_at,
        c1_0.novel_id,
        c1_0.paragraphs,
        c1_0.title,
        c1_0.updated_at 
    from
        chapter c1_0 
    where
        c1_0.novel_id=? 
    order by
        c1_0.chapter_number
Hibernate: 
    select
        c1_0.id,
        c1_0.chapter_number,
        c1_0.content,
        c1_0.created_at,
        c1_0.novel_id,
        c1_0.paragraphs,
        c1_0.title,
        c1_0.updated_at 
    from
        chapter c1_0 
    where
        c1_0.novel_id=? 
        and c1_0.chapter_number>? 
    order by
        c1_0.chapter_number 
    fetch
        first ? rows only
Hibernate: 
    select
        c1_0.id,
        c1_0.chapter_number,
        c1_0.content,
        c1_0.created_at,
        c1_0.novel_id,
        c1_0.paragraphs,
        c1_0.title,
        c1_0.updated_at 
    from
        chapter c1_0 
    where
        c1_0.novel_id=? 
        and c1_0.chapter_number<? 
    order by
        c1_0.chapter_number desc 
    fetch
        first ? rows only
Hibernate: 
    select
        count(pc1_0.id) 
    from
        paragraph_comment pc1_0 
    where
        pc1_0.chapter_id=? 
        and pc1_0.paragraph_index=?
Hibernate: 
    select
        count(pc1_0.id) 
    from
        paragraph_comment pc1_0 
    where
        pc1_0.chapter_id=? 
        and pc1_0.paragraph_index=?
Hibernate: 
    select
        count(pc1_0.id) 
    from
        paragraph_comment pc1_0 
    where
        pc1_0.chapter_id=? 
        and pc1_0.paragraph_index=?
Hibernate: 
    select
        count(pc1_0.id) 
    from
        paragraph_comment pc1_0 
    where
        pc1_0.chapter_id=? 
        and pc1_0.paragraph_index=?
Hibernate: 
    select
        count(pc1_0.id) 
    from
        paragraph_comment pc1_0 
    where
        pc1_0.chapter_id=? 
        and pc1_0.paragraph_index=?
Hibernate: 
    select
        count(pc1_0.id) 
    from
        paragraph_comment pc1_0 
    where
        pc1_0.chapter_id=? 
        and pc1_0.paragraph_index=?
Hibernate: 
    select
        count(pc1_0.id) 
    from
        paragraph_comment pc1_0 
    where
        pc1_0.chapter_id=? 
        and pc1_0.paragraph_index=?
Hibernate: 
    select
        count(pc1_0.id) 
    from
        paragraph_comment pc1_0 
    where
        pc1_0.chapter_id=? 
        and pc1_0.paragraph_index=?
Hibernate: 
    select
        count(pc1_0.id) 
    from
        paragraph_comment pc1_0 
    where
        pc1_0.chapter_id=? 
        and pc1_0.paragraph_index=?
Hibernate: 
    select
        pc1_0.id,
        pc1_0.chapter_id,
        pc1_0.content,
        pc1_0.created_at,
        pc1_0.paragraph_index,
        pc1_0.parent_comment_id,
        pc1_0.updated_at,
        pc1_0.user_id 
    from
        paragraph_comment pc1_0 
    where
        pc1_0.chapter_id=? 
        and pc1_0.parent_comment_id is null 
    order by
        pc1_0.created_at desc
Hibernate: 
    select
        n1_0.id,
        n1_0.author,
        n1_0.average_rating,
        n1_0.cover_img_url,
        n1_0.created_at,
        n1_0.description,
        n1_0.public_id,
        n1_0.status,
        n1_0.title,
        n1_0.updated_at 
    from
        novel n1_0 
    where
        n1_0.id=?
Hibernate: 
    select
        u1_0.id,
        u1_0.avatar_url,
        u1_0.created_at,
        u1_0.email,
        u1_0.first_name,
        u1_0.is_deleted,
        u1_0.is_logged_in,
        u1_0.last_name,
        u1_0.password,
        u1_0.phone,
        u1_0.provider,
        u1_0.reset_password_token,
        r1_0.user_id,
        r1_1.id,
        r1_1.created_at,
        r1_1.name,
        r1_1.updated_at,
        u1_0.updated_at,
        u1_0.username 
    from
        users u1_0 
    left join
        user_role r1_0 
            on u1_0.id=r1_0.user_id 
    left join
        roles r1_1 
            on r1_1.id=r1_0.role_id 
    where
        u1_0.id=?
Hibernate: 
    select
        r1_0.parent_comment_id,
        r1_0.id,
        r1_0.chapter_id,
        r1_0.content,
        r1_0.created_at,
        r1_0.paragraph_index,
        r1_0.updated_at,
        r1_0.user_id 
    from
        paragraph_comment r1_0 
    where
        r1_0.parent_comment_id=?
Hibernate: 
    select
        u1_0.id,
        u1_0.avatar_url,
        u1_0.created_at,
        u1_0.email,
        u1_0.first_name,
        u1_0.is_deleted,
        u1_0.is_logged_in,
        u1_0.last_name,
        u1_0.password,
        u1_0.phone,
        u1_0.provider,
        u1_0.reset_password_token,
        r1_0.user_id,
        r1_1.id,
        r1_1.created_at,
        r1_1.name,
        r1_1.updated_at,
        u1_0.updated_at,
        u1_0.username 
    from
        users u1_0 
    left join
        user_role r1_0 
            on u1_0.id=r1_0.user_id 
    left join
        roles r1_1 
            on r1_1.id=r1_0.role_id 
    where
        u1_0.id=?
Hibernate: 
    select
        r1_0.parent_comment_id,
        r1_0.id,
        r1_0.chapter_id,
        r1_0.content,
        r1_0.created_at,
        r1_0.paragraph_index,
        r1_0.updated_at,
        r1_0.user_id 
    from
        paragraph_comment r1_0 
    where
        r1_0.parent_comment_id=?
Hibernate: 
    select
        u1_0.id,
        u1_0.avatar_url,
        u1_0.created_at,
        u1_0.email,
        u1_0.first_name,
        u1_0.is_deleted,
        u1_0.is_logged_in,
        u1_0.last_name,
        u1_0.password,
        u1_0.phone,
        u1_0.provider,
        u1_0.reset_password_token,
        r1_0.user_id,
        r1_1.id,
        r1_1.created_at,
        r1_1.name,
        r1_1.updated_at,
        u1_0.updated_at,
        u1_0.username 
    from
        users u1_0 
    left join
        user_role r1_0 
            on u1_0.id=r1_0.user_id 
    left join
        roles r1_1 
            on r1_1.id=r1_0.role_id 
    where
        u1_0.id=?
Hibernate: 
    select
        r1_0.parent_comment_id,
        r1_0.id,
        r1_0.chapter_id,
        r1_0.content,
        r1_0.created_at,
        r1_0.paragraph_index,
        r1_0.updated_at,
        r1_0.user_id 
    from
        paragraph_comment r1_0 
    where
        r1_0.parent_comment_id=?
Hibernate: 
    select
        u1_0.id,
        u1_0.avatar_url,
        u1_0.created_at,
        u1_0.email,
        u1_0.first_name,
        u1_0.is_deleted,
        u1_0.is_logged_in,
        u1_0.last_name,
        u1_0.password,
        u1_0.phone,
        u1_0.provider,
        u1_0.reset_password_token,
        r1_0.user_id,
        r1_1.id,
        r1_1.created_at,
        r1_1.name,
        r1_1.updated_at,
        u1_0.updated_at,
        u1_0.username 
    from
        users u1_0 
    left join
        user_role r1_0 
            on u1_0.id=r1_0.user_id 
    left join
        roles r1_1 
            on r1_1.id=r1_0.role_id 
    where
        u1_0.id=?
Hibernate: 
    select
        r1_0.parent_comment_id,
        r1_0.id,
        r1_0.chapter_id,
        r1_0.content,
        r1_0.created_at,
        r1_0.paragraph_index,
        r1_0.updated_at,
        r1_0.user_id 
    from
        paragraph_comment r1_0 
    where
        r1_0.parent_comment_id=?
2026-03-28T21:54:54.851+07:00  WARN 23008 --- [SE2] [io-9000-exec-10] c.e.SE2.controllers.AuthController       : Login request received: null
Hibernate: 
    select
        u1_0.id,
        u1_0.avatar_url,
        u1_0.created_at,
        u1_0.email,
        u1_0.first_name,
        u1_0.is_deleted,
        u1_0.is_logged_in,
        u1_0.last_name,
        u1_0.password,
        u1_0.phone,
        u1_0.provider,
        u1_0.reset_password_token,
        u1_0.updated_at,
        u1_0.username 
    from
        users u1_0 
    where
        u1_0.email=?
Hibernate: 
    select
        r1_0.user_id,
        r1_1.id,
        r1_1.created_at,
        r1_1.name,
        r1_1.updated_at 
    from
        user_role r1_0 
    join
        roles r1_1 
            on r1_1.id=r1_0.role_id 
    where
        r1_0.user_id=?
Hibernate: 
    select
        c1_0.id,
        c1_0.chapter_number,
        c1_0.content,
        c1_0.created_at,
        c1_0.novel_id,
        c1_0.paragraphs,
        c1_0.title,
        c1_0.updated_at 
    from
        chapter c1_0 
    where
        c1_0.id=?
Hibernate: 
    select
        c1_0.id,
        c1_0.chapter_number,
        c1_0.content,
        c1_0.created_at,
        c1_0.novel_id,
        c1_0.paragraphs,
        c1_0.title,
        c1_0.updated_at 
    from
        chapter c1_0 
    where
        c1_0.novel_id=? 
    order by
        c1_0.chapter_number
Hibernate: 
    select
        c1_0.id,
        c1_0.chapter_number,
        c1_0.content,
        c1_0.created_at,
        c1_0.novel_id,
        c1_0.paragraphs,
        c1_0.title,
        c1_0.updated_at 
    from
        chapter c1_0 
    where
        c1_0.novel_id=? 
        and c1_0.chapter_number>? 
    order by
        c1_0.chapter_number 
    fetch
        first ? rows only
Hibernate: 
    select
        c1_0.id,
        c1_0.chapter_number,
        c1_0.content,
        c1_0.created_at,
        c1_0.novel_id,
        c1_0.paragraphs,
        c1_0.title,
        c1_0.updated_at 
    from
        chapter c1_0 
    where
        c1_0.novel_id=? 
        and c1_0.chapter_number<? 
    order by
        c1_0.chapter_number desc 
    fetch
        first ? rows only
Hibernate: 
    select
        count(pc1_0.id) 
    from
        paragraph_comment pc1_0 
    where
        pc1_0.chapter_id=? 
        and pc1_0.paragraph_index=?
Hibernate: 
    select
        count(pc1_0.id) 
    from
        paragraph_comment pc1_0 
    where
        pc1_0.chapter_id=? 
        and pc1_0.paragraph_index=?
Hibernate: 
    select
        count(pc1_0.id) 
    from
        paragraph_comment pc1_0 
    where
        pc1_0.chapter_id=? 
        and pc1_0.paragraph_index=?
Hibernate: 
    select
        count(pc1_0.id) 
    from
        paragraph_comment pc1_0 
    where
        pc1_0.chapter_id=? 
        and pc1_0.paragraph_index=?
Hibernate: 
    select
        count(pc1_0.id) 
    from
        paragraph_comment pc1_0 
    where
        pc1_0.chapter_id=? 
        and pc1_0.paragraph_index=?
Hibernate: 
    select
        count(pc1_0.id) 
    from
        paragraph_comment pc1_0 
    where
        pc1_0.chapter_id=? 
        and pc1_0.paragraph_index=?
Hibernate: 
    select
        count(pc1_0.id) 
    from
        paragraph_comment pc1_0 
    where
        pc1_0.chapter_id=? 
        and pc1_0.paragraph_index=?
Hibernate: 
    select
        count(pc1_0.id) 
    from
        paragraph_comment pc1_0 
    where
        pc1_0.chapter_id=? 
        and pc1_0.paragraph_index=?
Hibernate: 
    select
        count(pc1_0.id) 
    from
        paragraph_comment pc1_0 
    where
        pc1_0.chapter_id=? 
        and pc1_0.paragraph_index=?
Hibernate: 
    select
        pc1_0.id,
        pc1_0.chapter_id,
        pc1_0.content,
        pc1_0.created_at,
        pc1_0.paragraph_index,
        pc1_0.parent_comment_id,
        pc1_0.updated_at,
        pc1_0.user_id 
    from
        paragraph_comment pc1_0 
    where
        pc1_0.chapter_id=? 
        and pc1_0.parent_comment_id is null 
    order by
        pc1_0.created_at desc
Hibernate: 
    select
        u1_0.id,
        u1_0.avatar_url,
        u1_0.created_at,
        u1_0.email,
        u1_0.first_name,
        u1_0.is_deleted,
        u1_0.is_logged_in,
        u1_0.last_name,
        u1_0.password,
        u1_0.phone,
        u1_0.provider,
        u1_0.reset_password_token,
        u1_0.updated_at,
        u1_0.username 
    from
        users u1_0 
    where
        u1_0.email=?
Hibernate: 
    select
        r1_0.user_id,
        r1_1.id,
        r1_1.created_at,
        r1_1.name,
        r1_1.updated_at 
    from
        user_role r1_0 
    join
        roles r1_1 
            on r1_1.id=r1_0.role_id 
    where
        r1_0.user_id=?
Hibernate: 
    select
        b1_0.id,
        b1_0.chapter_id,
        b1_0.created_at,
        b1_0.paragraph_index,
        b1_0.updated_at,
        b1_0.user_id 
    from
        bookmark b1_0 
    where
        b1_0.user_id=? 
        and b1_0.chapter_id=?
Hibernate: 
    select
        rs1_0.id,
        rs1_0.created_at,
        rs1_0.font_family,
        rs1_0.font_size,
        rs1_0.line_spacing,
        rs1_0.theme,
        rs1_0.updated_at,
        rs1_0.user_id 
    from
        reading_setting rs1_0 
    where
        rs1_0.user_id=?
Hibernate: 
    select
        rp1_0.id,
        rp1_0.chapter_id,
        rp1_0.created_at,
        rp1_0.last_position,
        rp1_0.updated_at,
        rp1_0.user_id 
    from
        reading_progress rp1_0 
    left join
        chapter c1_0 
            on c1_0.id=rp1_0.chapter_id 
    left join
        novel n1_0 
            on n1_0.id=c1_0.novel_id 
    where
        rp1_0.user_id=? 
        and n1_0.id=?
Hibernate: 
    select
        n1_0.id,
        n1_0.author,
        n1_0.average_rating,
        n1_0.cover_img_url,
        n1_0.created_at,
        n1_0.description,
        n1_0.public_id,
        n1_0.status,
        n1_0.title,
        n1_0.updated_at 
    from
        novel n1_0 
    where
        n1_0.id=?
Hibernate: 
    select
        r1_0.parent_comment_id,
        r1_0.id,
        r1_0.chapter_id,
        r1_0.content,
        r1_0.created_at,
        r1_0.paragraph_index,
        r1_0.updated_at,
        r1_0.user_id 
    from
        paragraph_comment r1_0 
    where
        r1_0.parent_comment_id=?
Hibernate: 
    select
        u1_0.id,
        u1_0.avatar_url,
        u1_0.created_at,
        u1_0.email,
        u1_0.first_name,
        u1_0.is_deleted,
        u1_0.is_logged_in,
        u1_0.last_name,
        u1_0.password,
        u1_0.phone,
        u1_0.provider,
        u1_0.reset_password_token,
        r1_0.user_id,
        r1_1.id,
        r1_1.created_at,
        r1_1.name,
        r1_1.updated_at,
        u1_0.updated_at,
        u1_0.username 
    from
        users u1_0 
    left join
        user_role r1_0 
            on u1_0.id=r1_0.user_id 
    left join
        roles r1_1 
            on r1_1.id=r1_0.role_id 
    where
        u1_0.id=?
Hibernate: 
    select
        r1_0.parent_comment_id,
        r1_0.id,
        r1_0.chapter_id,
        r1_0.content,
        r1_0.created_at,
        r1_0.paragraph_index,
        r1_0.updated_at,
        r1_0.user_id 
    from
        paragraph_comment r1_0 
    where
        r1_0.parent_comment_id=?
Hibernate: 
    select
        u1_0.id,
        u1_0.avatar_url,
        u1_0.created_at,
        u1_0.email,
        u1_0.first_name,
        u1_0.is_deleted,
        u1_0.is_logged_in,
        u1_0.last_name,
        u1_0.password,
        u1_0.phone,
        u1_0.provider,
        u1_0.reset_password_token,
        r1_0.user_id,
        r1_1.id,
        r1_1.created_at,
        r1_1.name,
        r1_1.updated_at,
        u1_0.updated_at,
        u1_0.username 
    from
        users u1_0 
    left join
        user_role r1_0 
            on u1_0.id=r1_0.user_id 
    left join
        roles r1_1 
            on r1_1.id=r1_0.role_id 
    where
        u1_0.id=?
Hibernate: 
    select
        r1_0.parent_comment_id,
        r1_0.id,
        r1_0.chapter_id,
        r1_0.content,
        r1_0.created_at,
        r1_0.paragraph_index,
        r1_0.updated_at,
        r1_0.user_id 
    from
        paragraph_comment r1_0 
    where
        r1_0.parent_comment_id=?
Hibernate: 
    select
        u1_0.id,
        u1_0.avatar_url,
        u1_0.created_at,
        u1_0.email,
        u1_0.first_name,
        u1_0.is_deleted,
        u1_0.is_logged_in,
        u1_0.last_name,
        u1_0.password,
        u1_0.phone,
        u1_0.provider,
        u1_0.reset_password_token,
        r1_0.user_id,
        r1_1.id,
        r1_1.created_at,
        r1_1.name,
        r1_1.updated_at,
        u1_0.updated_at,
        u1_0.username 
    from
        users u1_0 
    left join
        user_role r1_0 
            on u1_0.id=r1_0.user_id 
    left join
        roles r1_1 
            on r1_1.id=r1_0.role_id 
    where
        u1_0.id=?
Hibernate: 
    select
        r1_0.parent_comment_id,
        r1_0.id,
        r1_0.chapter_id,
        r1_0.content,
        r1_0.created_at,
        r1_0.paragraph_index,
        r1_0.updated_at,
        r1_0.user_id 
    from
        paragraph_comment r1_0 
    where
        r1_0.parent_comment_id=?
Hibernate: 
    select
        u1_0.id,
        u1_0.avatar_url,
        u1_0.created_at,
        u1_0.email,
        u1_0.first_name,
        u1_0.is_deleted,
        u1_0.is_logged_in,
        u1_0.last_name,
        u1_0.password,
        u1_0.phone,
        u1_0.provider,
        u1_0.reset_password_token,
        u1_0.updated_at,
        u1_0.username 
    from
        users u1_0 
    where
        u1_0.email=?
Hibernate: 
    select
        r1_0.user_id,
        r1_1.id,
        r1_1.created_at,
        r1_1.name,
        r1_1.updated_at 
    from
        user_role r1_0 
    join
        roles r1_1 
            on r1_1.id=r1_0.role_id 
    where
        r1_0.user_id=?
Hibernate: 
    select
        rp1_0.id,
        rp1_0.chapter_id,
        rp1_0.created_at,
        rp1_0.last_position,
        rp1_0.updated_at,
        rp1_0.user_id 
    from
        reading_progress rp1_0 
    where
        rp1_0.user_id=? 
        and rp1_0.chapter_id=?
Hibernate: 
    select
        c1_0.id,
        c1_0.chapter_number,
        c1_0.content,
        c1_0.created_at,
        c1_0.novel_id,
        c1_0.paragraphs,
        c1_0.title,
        c1_0.updated_at 
    from
        chapter c1_0 
    where
        c1_0.id=?
Hibernate: 
    insert 
    into
        reading_progress
        (chapter_id, created_at, last_position, updated_at, user_id) 
    values
        (?, ?, ?, ?, ?)
Hibernate: 
    select
        u1_0.id,
        u1_0.avatar_url,
        u1_0.created_at,
        u1_0.email,
        u1_0.first_name,
        u1_0.is_deleted,
        u1_0.is_logged_in,
        u1_0.last_name,
        u1_0.password,
        u1_0.phone,
        u1_0.provider,
        u1_0.reset_password_token,
        u1_0.updated_at,
        u1_0.username 
    from
        users u1_0 
    where
        u1_0.email=?
Hibernate: 
    select
        r1_0.user_id,
        r1_1.id,
        r1_1.created_at,
        r1_1.name,
        r1_1.updated_at 
    from
        user_role r1_0 
    join
        roles r1_1 
            on r1_1.id=r1_0.role_id 
    where
        r1_0.user_id=?
Hibernate: 
    select
        c1_0.id,
        c1_0.chapter_number,
        c1_0.content,
        c1_0.created_at,
        c1_0.novel_id,
        c1_0.paragraphs,
        c1_0.title,
        c1_0.updated_at 
    from
        chapter c1_0 
    where
        c1_0.id=?
Hibernate: 
    insert 
    into
        paragraph_comment
        (chapter_id, content, created_at, paragraph_index, parent_comment_id, updated_at, user_id) 
    values
        (?, ?, ?, ?, ?, ?, ?)
Hibernate: 
    select
        u1_0.id,
        u1_0.avatar_url,
        u1_0.created_at,
        u1_0.email,
        u1_0.first_name,
        u1_0.is_deleted,
        u1_0.is_logged_in,
        u1_0.last_name,
        u1_0.password,
        u1_0.phone,
        u1_0.provider,
        u1_0.reset_password_token,
        u1_0.updated_at,
        u1_0.username 
    from
        users u1_0 
    where
        u1_0.email=?
Hibernate: 
    select
        r1_0.user_id,
        r1_1.id,
        r1_1.created_at,
        r1_1.name,
        r1_1.updated_at 
    from
        user_role r1_0 
    join
        roles r1_1 
            on r1_1.id=r1_0.role_id 
    where
        r1_0.user_id=?
Hibernate: 
    select
        b1_0.id,
        b1_0.chapter_id,
        b1_0.created_at,
        b1_0.paragraph_index,
        b1_0.updated_at,
        b1_0.user_id 
    from
        bookmark b1_0 
    where
        b1_0.user_id=? 
        and b1_0.chapter_id=?
Hibernate: 
    select
        c1_0.id,
        c1_0.chapter_number,
        c1_0.content,
        c1_0.created_at,
        c1_0.novel_id,
        c1_0.paragraphs,
        c1_0.title,
        c1_0.updated_at 
    from
        chapter c1_0 
    where
        c1_0.id=?
Hibernate: 
    insert 
    into
        bookmark
        (chapter_id, created_at, paragraph_index, updated_at, user_id, id) 
    values
        (?, ?, ?, ?, ?, ?)
Hibernate: 
    select
        u1_0.id,
        u1_0.avatar_url,
        u1_0.created_at,
        u1_0.email,
        u1_0.first_name,
        u1_0.is_deleted,
        u1_0.is_logged_in,
        u1_0.last_name,
        u1_0.password,
        u1_0.phone,
        u1_0.provider,
        u1_0.reset_password_token,
        u1_0.updated_at,
        u1_0.username 
    from
        users u1_0 
    where
        u1_0.email=?
Hibernate: 
    select
        r1_0.user_id,
        r1_1.id,
        r1_1.created_at,
        r1_1.name,
        r1_1.updated_at 
    from
        user_role r1_0 
    join
        roles r1_1 
            on r1_1.id=r1_0.role_id 
    where
        r1_0.user_id=?
Hibernate: 
    select
        b1_0.id,
        b1_0.chapter_id,
        b1_0.created_at,
        b1_0.paragraph_index,
        b1_0.updated_at,
        b1_0.user_id 
    from
        bookmark b1_0 
    where
        b1_0.user_id=? 
        and b1_0.chapter_id=?
Hibernate: 
    delete 
    from
        bookmark 
    where
        id=?
Hibernate: 
    select
        u1_0.id,
        u1_0.avatar_url,
        u1_0.created_at,
        u1_0.email,
        u1_0.first_name,
        u1_0.is_deleted,
        u1_0.is_logged_in,
        u1_0.last_name,
        u1_0.password,
        u1_0.phone,
        u1_0.provider,
        u1_0.reset_password_token,
        u1_0.updated_at,
        u1_0.username 
    from
        users u1_0 
    where
        u1_0.email=?
Hibernate: 
    select
        u1_0.id,
        u1_0.avatar_url,
        u1_0.created_at,
        u1_0.email,
        u1_0.first_name,
        u1_0.is_deleted,
        u1_0.is_logged_in,
        u1_0.last_name,
        u1_0.password,
        u1_0.phone,
        u1_0.provider,
        u1_0.reset_password_token,
        u1_0.updated_at,
        u1_0.username 
    from
        users u1_0 
    where
        u1_0.email=?
Hibernate: 
    select
        r1_0.user_id,
        r1_1.id,
        r1_1.created_at,
        r1_1.name,
        r1_1.updated_at 
    from
        user_role r1_0 
    join
        roles r1_1 
            on r1_1.id=r1_0.role_id 
    where
        r1_0.user_id=?
Hibernate: 
    select
        rs1_0.id,
        rs1_0.created_at,
        rs1_0.font_family,
        rs1_0.font_size,
        rs1_0.line_spacing,
        rs1_0.theme,
        rs1_0.updated_at,
        rs1_0.user_id 
    from
        reading_setting rs1_0 
    where
        rs1_0.user_id=?
Hibernate: 
    select
        r1_0.user_id,
        r1_1.id,
        r1_1.created_at,
        r1_1.name,
        r1_1.updated_at 
    from
        user_role r1_0 
    join
        roles r1_1 
            on r1_1.id=r1_0.role_id 
    where
        r1_0.user_id=?
Hibernate: 
    select
        rs1_0.id,
        rs1_0.created_at,
        rs1_0.font_family,
        rs1_0.font_size,
        rs1_0.line_spacing,
        rs1_0.theme,
        rs1_0.updated_at,
        rs1_0.user_id 
    from
        reading_setting rs1_0 
    where
        rs1_0.user_id=?
Hibernate: 
    update
        reading_setting 
    set
        created_at=?,
        font_family=?,
        font_size=?,
        line_spacing=?,
        theme=?,
        updated_at=?,
        user_id=? 
    where
        id=?
Hibernate: 
    update
        reading_setting 
    set
        created_at=?,
        font_family=?,
        font_size=?,
        line_spacing=?,
        theme=?,
        updated_at=?,
        user_id=? 
    where
        id=?
Hibernate: 
    select
        u1_0.id,
        u1_0.avatar_url,
        u1_0.created_at,
        u1_0.email,
        u1_0.first_name,
        u1_0.is_deleted,
        u1_0.is_logged_in,
        u1_0.last_name,
        u1_0.password,
        u1_0.phone,
        u1_0.provider,
        u1_0.reset_password_token,
        u1_0.updated_at,
        u1_0.username 
    from
        users u1_0 
    where
        u1_0.email=?
Hibernate: 
    select
        r1_0.user_id,
        r1_1.id,
        r1_1.created_at,
        r1_1.name,
        r1_1.updated_at 
    from
        user_role r1_0 
    join
        roles r1_1 
            on r1_1.id=r1_0.role_id 
    where
        r1_0.user_id=?
Hibernate: 
    select
        rp1_0.id,
        rp1_0.chapter_id,
        rp1_0.created_at,
        rp1_0.last_position,
        rp1_0.updated_at,
        rp1_0.user_id 
    from
        reading_progress rp1_0 
    where
        rp1_0.user_id=? 
        and rp1_0.chapter_id=?
Hibernate: 
    update
        reading_progress 
    set
        chapter_id=?,
        created_at=?,
        last_position=?,
        updated_at=?,
        user_id=? 
    where
        id=?
Hibernate: 
    select
        c1_0.id,
        c1_0.chapter_number,
        c1_0.content,
        c1_0.created_at,
        c1_0.novel_id,
        c1_0.paragraphs,
        c1_0.title,
        c1_0.updated_at 
    from
        chapter c1_0 
    where
        c1_0.id=?
Hibernate: 
    select
        c1_0.id,
        c1_0.chapter_number,
        c1_0.content,
        c1_0.created_at,
        c1_0.novel_id,
        c1_0.paragraphs,
        c1_0.title,
        c1_0.updated_at 
    from
        chapter c1_0 
    where
        c1_0.novel_id=? 
    order by
        c1_0.chapter_number
Hibernate: 
    select
        c1_0.id,
        c1_0.chapter_number,
        c1_0.content,
        c1_0.created_at,
        c1_0.novel_id,
        c1_0.paragraphs,
        c1_0.title,
        c1_0.updated_at 
    from
        chapter c1_0 
    where
        c1_0.novel_id=? 
        and c1_0.chapter_number>? 
    order by
        c1_0.chapter_number 
    fetch
        first ? rows only
Hibernate: 
    select
        c1_0.id,
        c1_0.chapter_number,
        c1_0.content,
        c1_0.created_at,
        c1_0.novel_id,
        c1_0.paragraphs,
        c1_0.title,
        c1_0.updated_at 
    from
        chapter c1_0 
    where
        c1_0.novel_id=? 
        and c1_0.chapter_number<? 
    order by
        c1_0.chapter_number desc 
    fetch
        first ? rows only
Hibernate: 
    select
        count(pc1_0.id) 
    from
        paragraph_comment pc1_0 
    where
        pc1_0.chapter_id=? 
        and pc1_0.paragraph_index=?
Hibernate: 
    select
        count(pc1_0.id) 
    from
        paragraph_comment pc1_0 
    where
        pc1_0.chapter_id=? 
        and pc1_0.paragraph_index=?
Hibernate: 
    select
        count(pc1_0.id) 
    from
        paragraph_comment pc1_0 
    where
        pc1_0.chapter_id=? 
        and pc1_0.paragraph_index=?
Hibernate: 
    select
        count(pc1_0.id) 
    from
        paragraph_comment pc1_0 
    where
        pc1_0.chapter_id=? 
        and pc1_0.paragraph_index=?
Hibernate: 
    select
        count(pc1_0.id) 
    from
        paragraph_comment pc1_0 
    where
        pc1_0.chapter_id=? 
        and pc1_0.paragraph_index=?
Hibernate: 
    select
        count(pc1_0.id) 
    from
        paragraph_comment pc1_0 
    where
        pc1_0.chapter_id=? 
        and pc1_0.paragraph_index=?
Hibernate: 
    select
        count(pc1_0.id) 
    from
        paragraph_comment pc1_0 
    where
        pc1_0.chapter_id=? 
        and pc1_0.paragraph_index=?
Hibernate: 
    select
        count(pc1_0.id) 
    from
        paragraph_comment pc1_0 
    where
        pc1_0.chapter_id=? 
        and pc1_0.paragraph_index=?
Hibernate: 
    select
        count(pc1_0.id) 
    from
        paragraph_comment pc1_0 
    where
        pc1_0.chapter_id=? 
        and pc1_0.paragraph_index=?
Hibernate: 
    select
        pc1_0.id,
        pc1_0.chapter_id,
        pc1_0.content,
        pc1_0.created_at,
        pc1_0.paragraph_index,
        pc1_0.parent_comment_id,
        pc1_0.updated_at,
        pc1_0.user_id 
    from
        paragraph_comment pc1_0 
    where
        pc1_0.chapter_id=? 
        and pc1_0.parent_comment_id is null 
    order by
        pc1_0.created_at desc
Hibernate: 
    select
        u1_0.id,
        u1_0.avatar_url,
        u1_0.created_at,
        u1_0.email,
        u1_0.first_name,
        u1_0.is_deleted,
        u1_0.is_logged_in,
        u1_0.last_name,
        u1_0.password,
        u1_0.phone,
        u1_0.provider,
        u1_0.reset_password_token,
        u1_0.updated_at,
        u1_0.username 
    from
        users u1_0 
    where
        u1_0.email=?
Hibernate: 
    select
        r1_0.user_id,
        r1_1.id,
        r1_1.created_at,
        r1_1.name,
        r1_1.updated_at 
    from
        user_role r1_0 
    join
        roles r1_1 
            on r1_1.id=r1_0.role_id 
    where
        r1_0.user_id=?
Hibernate: 
    select
        b1_0.id,
        b1_0.chapter_id,
        b1_0.created_at,
        b1_0.paragraph_index,
        b1_0.updated_at,
        b1_0.user_id 
    from
        bookmark b1_0 
    where
        b1_0.user_id=? 
        and b1_0.chapter_id=?
Hibernate: 
    select
        rs1_0.id,
        rs1_0.created_at,
        rs1_0.font_family,
        rs1_0.font_size,
        rs1_0.line_spacing,
        rs1_0.theme,
        rs1_0.updated_at,
        rs1_0.user_id 
    from
        reading_setting rs1_0 
    where
        rs1_0.user_id=?
Hibernate: 
    select
        rp1_0.id,
        rp1_0.chapter_id,
        rp1_0.created_at,
        rp1_0.last_position,
        rp1_0.updated_at,
        rp1_0.user_id 
    from
        reading_progress rp1_0 
    left join
        chapter c1_0 
            on c1_0.id=rp1_0.chapter_id 
    left join
        novel n1_0 
            on n1_0.id=c1_0.novel_id 
    where
        rp1_0.user_id=? 
        and n1_0.id=?
Hibernate: 
    select
        n1_0.id,
        n1_0.author,
        n1_0.average_rating,
        n1_0.cover_img_url,
        n1_0.created_at,
        n1_0.description,
        n1_0.public_id,
        n1_0.status,
        n1_0.title,
        n1_0.updated_at 
    from
        novel n1_0 
    where
        n1_0.id=?
Hibernate: 
    select
        r1_0.parent_comment_id,
        r1_0.id,
        r1_0.chapter_id,
        r1_0.content,
        r1_0.created_at,
        r1_0.paragraph_index,
        r1_0.updated_at,
        r1_0.user_id 
    from
        paragraph_comment r1_0 
    where
        r1_0.parent_comment_id=?
Hibernate: 
    select
        r1_0.parent_comment_id,
        r1_0.id,
        r1_0.chapter_id,
        r1_0.content,
        r1_0.created_at,
        r1_0.paragraph_index,
        r1_0.updated_at,
        r1_0.user_id 
    from
        paragraph_comment r1_0 
    where
        r1_0.parent_comment_id=?
Hibernate: 
    select
        u1_0.id,
        u1_0.avatar_url,
        u1_0.created_at,
        u1_0.email,
        u1_0.first_name,
        u1_0.is_deleted,
        u1_0.is_logged_in,
        u1_0.last_name,
        u1_0.password,
        u1_0.phone,
        u1_0.provider,
        u1_0.reset_password_token,
        r1_0.user_id,
        r1_1.id,
        r1_1.created_at,
        r1_1.name,
        r1_1.updated_at,
        u1_0.updated_at,
        u1_0.username 
    from
        users u1_0 
    left join
        user_role r1_0 
            on u1_0.id=r1_0.user_id 
    left join
        roles r1_1 
            on r1_1.id=r1_0.role_id 
    where
        u1_0.id=?
Hibernate: 
    select
        r1_0.parent_comment_id,
        r1_0.id,
        r1_0.chapter_id,
        r1_0.content,
        r1_0.created_at,
        r1_0.paragraph_index,
        r1_0.updated_at,
        r1_0.user_id 
    from
        paragraph_comment r1_0 
    where
        r1_0.parent_comment_id=?
Hibernate: 
    select
        u1_0.id,
        u1_0.avatar_url,
        u1_0.created_at,
        u1_0.email,
        u1_0.first_name,
        u1_0.is_deleted,
        u1_0.is_logged_in,
        u1_0.last_name,
        u1_0.password,
        u1_0.phone,
        u1_0.provider,
        u1_0.reset_password_token,
        r1_0.user_id,
        r1_1.id,
        r1_1.created_at,
        r1_1.name,
        r1_1.updated_at,
        u1_0.updated_at,
        u1_0.username 
    from
        users u1_0 
    left join
        user_role r1_0 
            on u1_0.id=r1_0.user_id 
    left join
        roles r1_1 
            on r1_1.id=r1_0.role_id 
    where
        u1_0.id=?
Hibernate: 
    select
        r1_0.parent_comment_id,
        r1_0.id,
        r1_0.chapter_id,
        r1_0.content,
        r1_0.created_at,
        r1_0.paragraph_index,
        r1_0.updated_at,
        r1_0.user_id 
    from
        paragraph_comment r1_0 
    where
        r1_0.parent_comment_id=?
Hibernate: 
    select
        u1_0.id,
        u1_0.avatar_url,
        u1_0.created_at,
        u1_0.email,
        u1_0.first_name,
        u1_0.is_deleted,
        u1_0.is_logged_in,
        u1_0.last_name,
        u1_0.password,
        u1_0.phone,
        u1_0.provider,
        u1_0.reset_password_token,
        r1_0.user_id,
        r1_1.id,
        r1_1.created_at,
        r1_1.name,
        r1_1.updated_at,
        u1_0.updated_at,
        u1_0.username 
    from
        users u1_0 
    left join
        user_role r1_0 
            on u1_0.id=r1_0.user_id 
    left join
        roles r1_1 
            on r1_1.id=r1_0.role_id 
    where
        u1_0.id=?
Hibernate: 
    select
        r1_0.parent_comment_id,
        r1_0.id,
        r1_0.chapter_id,
        r1_0.content,
        r1_0.created_at,
        r1_0.paragraph_index,
        r1_0.updated_at,
        r1_0.user_id 
    from
        paragraph_comment r1_0 
    where
        r1_0.parent_comment_id=?
Hibernate: 
    select
        u1_0.id,
        u1_0.avatar_url,
        u1_0.created_at,
        u1_0.email,
        u1_0.first_name,
        u1_0.is_deleted,
        u1_0.is_logged_in,
        u1_0.last_name,
        u1_0.password,
        u1_0.phone,
        u1_0.provider,
        u1_0.reset_password_token,
        u1_0.updated_at,
        u1_0.username 
    from
        users u1_0 
    where
        u1_0.email=?
Hibernate: 
    select
        r1_0.user_id,
        r1_1.id,
        r1_1.created_at,
        r1_1.name,
        r1_1.updated_at 
    from
        user_role r1_0 
    join
        roles r1_1 
            on r1_1.id=r1_0.role_id 
    where
        r1_0.user_id=?
Hibernate: 
    select
        b1_0.id,
        b1_0.chapter_id,
        b1_0.created_at,
        b1_0.paragraph_index,
        b1_0.updated_at,
        b1_0.user_id 
    from
        bookmark b1_0 
    where
        b1_0.user_id=? 
        and b1_0.chapter_id=?
Hibernate: 
    delete 
    from
        bookmark 
    where
        id=?
Hibernate: 
    select
        u1_0.id,
        u1_0.avatar_url,
        u1_0.created_at,
        u1_0.email,
        u1_0.first_name,
        u1_0.is_deleted,
        u1_0.is_logged_in,
        u1_0.last_name,
        u1_0.password,
        u1_0.phone,
        u1_0.provider,
        u1_0.reset_password_token,
        u1_0.updated_at,
        u1_0.username 
    from
        users u1_0 
    where
        u1_0.email=?
Hibernate: 
    select
        r1_0.user_id,
        r1_1.id,
        r1_1.created_at,
        r1_1.name,
        r1_1.updated_at 
    from
        user_role r1_0 
    join
        roles r1_1 
            on r1_1.id=r1_0.role_id 
    where
        r1_0.user_id=?
Hibernate: 
    select
        rp1_0.id,
        rp1_0.chapter_id,
        rp1_0.created_at,
        rp1_0.last_position,
        rp1_0.updated_at,
        rp1_0.user_id 
    from
        reading_progress rp1_0 
    where
        rp1_0.user_id=? 
        and rp1_0.chapter_id=?
Hibernate: 
    update
        reading_progress 
    set
        chapter_id=?,
        created_at=?,
        last_position=?,
        updated_at=?,
        user_id=? 
    where
        id=?
Hibernate: 
    select
        u1_0.id,
        u1_0.avatar_url,
        u1_0.created_at,
        u1_0.email,
        u1_0.first_name,
        u1_0.is_deleted,
        u1_0.is_logged_in,
        u1_0.last_name,
        u1_0.password,
        u1_0.phone,
        u1_0.provider,
        u1_0.reset_password_token,
        u1_0.updated_at,
        u1_0.username 
    from
        users u1_0 
    where
        u1_0.email=?
Hibernate: 
    select
        r1_0.user_id,
        r1_1.id,
        r1_1.created_at,
        r1_1.name,
        r1_1.updated_at 
    from
        user_role r1_0 
    join
        roles r1_1 
            on r1_1.id=r1_0.role_id 
    where
        r1_0.user_id=?
Hibernate: 
    select
        b1_0.id,
        b1_0.chapter_id,
        b1_0.created_at,
        b1_0.paragraph_index,
        b1_0.updated_at,
        b1_0.user_id 
    from
        bookmark b1_0 
    where
        b1_0.user_id=? 
        and b1_0.chapter_id=?
Hibernate: 
    delete 
    from
        bookmark 
    where
        id=?
Hibernate: 
    select
        u1_0.id,
        u1_0.avatar_url,
        u1_0.created_at,
        u1_0.email,
        u1_0.first_name,
        u1_0.is_deleted,
        u1_0.is_logged_in,
        u1_0.last_name,
        u1_0.password,
        u1_0.phone,
        u1_0.provider,
        u1_0.reset_password_token,
        u1_0.updated_at,
        u1_0.username 
    from
        users u1_0 
    where
        u1_0.email=?
Hibernate: 
    select
        r1_0.user_id,
        r1_1.id,
        r1_1.created_at,
        r1_1.name,
        r1_1.updated_at 
    from
        user_role r1_0 
    join
        roles r1_1 
            on r1_1.id=r1_0.role_id 
    where
        r1_0.user_id=?
Hibernate: 
    select
        b1_0.id,
        b1_0.chapter_id,
        b1_0.created_at,
        b1_0.paragraph_index,
        b1_0.updated_at,
        b1_0.user_id 
    from
        bookmark b1_0 
    where
        b1_0.user_id=? 
        and b1_0.chapter_id=?
Hibernate: 
    select
        c1_0.id,
        c1_0.chapter_number,
        c1_0.content,
        c1_0.created_at,
        c1_0.novel_id,
        c1_0.paragraphs,
        c1_0.title,
        c1_0.updated_at 
    from
        chapter c1_0 
    where
        c1_0.id=?
Hibernate: 
    insert 
    into
        bookmark
        (chapter_id, created_at, paragraph_index, updated_at, user_id, id) 
    values
        (?, ?, ?, ?, ?, ?)
Hibernate: 
    select
        u1_0.id,
        u1_0.avatar_url,
        u1_0.created_at,
        u1_0.email,
        u1_0.first_name,
        u1_0.is_deleted,
        u1_0.is_logged_in,
        u1_0.last_name,
        u1_0.password,
        u1_0.phone,
        u1_0.provider,
        u1_0.reset_password_token,
        u1_0.updated_at,
        u1_0.username 
    from
        users u1_0 
    where
        u1_0.email=?
Hibernate: 
    select
        r1_0.user_id,
        r1_1.id,
        r1_1.created_at,
        r1_1.name,
        r1_1.updated_at 
    from
        user_role r1_0 
    join
        roles r1_1 
            on r1_1.id=r1_0.role_id 
    where
        r1_0.user_id=?
Hibernate: 
    select
        rp1_0.id,
        rp1_0.chapter_id,
        rp1_0.created_at,
        rp1_0.last_position,
        rp1_0.updated_at,
        rp1_0.user_id 
    from
        reading_progress rp1_0 
    where
        rp1_0.user_id=? 
        and rp1_0.chapter_id=?
Hibernate: 
    update
        reading_progress 
    set
        chapter_id=?,
        created_at=?,
        last_position=?,
        updated_at=?,
        user_id=? 
    where
        id=?
Hibernate: 
    select
        u1_0.id,
        u1_0.avatar_url,
        u1_0.created_at,
        u1_0.email,
        u1_0.first_name,
        u1_0.is_deleted,
        u1_0.is_logged_in,
        u1_0.last_name,
        u1_0.password,
        u1_0.phone,
        u1_0.provider,
        u1_0.reset_password_token,
        u1_0.updated_at,
        u1_0.username 
    from
        users u1_0 
    where
        u1_0.email=?
Hibernate: 
    select
        r1_0.user_id,
        r1_1.id,
        r1_1.created_at,
        r1_1.name,
        r1_1.updated_at 
    from
        user_role r1_0 
    join
        roles r1_1 
            on r1_1.id=r1_0.role_id 
    where
        r1_0.user_id=?
Hibernate: 
    select
        rp1_0.id,
        rp1_0.chapter_id,
        rp1_0.created_at,
        rp1_0.last_position,
        rp1_0.updated_at,
        rp1_0.user_id 
    from
        reading_progress rp1_0 
    where
        rp1_0.user_id=? 
        and rp1_0.chapter_id=?
Hibernate: 
    update
        reading_progress 
    set
        chapter_id=?,
        created_at=?,
        last_position=?,
        updated_at=?,
        user_id=? 
    where
        id=?
Hibernate: 
    select
        u1_0.id,
        u1_0.avatar_url,
        u1_0.created_at,
        u1_0.email,
        u1_0.first_name,
        u1_0.is_deleted,
        u1_0.is_logged_in,
        u1_0.last_name,
        u1_0.password,
        u1_0.phone,
        u1_0.provider,
        u1_0.reset_password_token,
        u1_0.updated_at,
        u1_0.username 
    from
        users u1_0 
    where
        u1_0.email=?
Hibernate: 
    select
        r1_0.user_id,
        r1_1.id,
        r1_1.created_at,
        r1_1.name,
        r1_1.updated_at 
    from
        user_role r1_0 
    join
        roles r1_1 
            on r1_1.id=r1_0.role_id 
    where
        r1_0.user_id=?
Hibernate: 
    select
        c1_0.id,
        c1_0.chapter_number,
        c1_0.content,
        c1_0.created_at,
        c1_0.novel_id,
        c1_0.paragraphs,
        c1_0.title,
        c1_0.updated_at 
    from
        chapter c1_0 
    where
        c1_0.id=?
Hibernate: 
    insert 
    into
        paragraph_comment
        (chapter_id, content, created_at, paragraph_index, parent_comment_id, updated_at, user_id) 
    values
        (?, ?, ?, ?, ?, ?, ?)
Hibernate: 
    select
        u1_0.id,
        u1_0.avatar_url,
        u1_0.created_at,
        u1_0.email,
        u1_0.first_name,
        u1_0.is_deleted,
        u1_0.is_logged_in,
        u1_0.last_name,
        u1_0.password,
        u1_0.phone,
        u1_0.provider,
        u1_0.reset_password_token,
        u1_0.updated_at,
        u1_0.username 
    from
        users u1_0 
    where
        u1_0.email=?
Hibernate: 
    select
        r1_0.user_id,
        r1_1.id,
        r1_1.created_at,
        r1_1.name,
        r1_1.updated_at 
    from
        user_role r1_0 
    join
        roles r1_1 
            on r1_1.id=r1_0.role_id 
    where
        r1_0.user_id=?
Hibernate: 
    select
        rp1_0.id,
        rp1_0.chapter_id,
        rp1_0.created_at,
        rp1_0.last_position,
        rp1_0.updated_at,
        rp1_0.user_id 
    from
        reading_progress rp1_0 
    where
        rp1_0.user_id=? 
        and rp1_0.chapter_id=?
Hibernate: 
    update
        reading_progress 
    set
        chapter_id=?,
        created_at=?,
        last_position=?,
        updated_at=?,
        user_id=? 
    where
        id=?
Hibernate: 
    select
        u1_0.id,
        u1_0.avatar_url,
        u1_0.created_at,
        u1_0.email,
        u1_0.first_name,
        u1_0.is_deleted,
        u1_0.is_logged_in,
        u1_0.last_name,
        u1_0.password,
        u1_0.phone,
        u1_0.provider,
        u1_0.reset_password_token,
        u1_0.updated_at,
        u1_0.username 
    from
        users u1_0 
    where
        u1_0.email=?
Hibernate: 
    select
        r1_0.user_id,
        r1_1.id,
        r1_1.created_at,
        r1_1.name,
        r1_1.updated_at 
    from
        user_role r1_0 
    join
        roles r1_1 
            on r1_1.id=r1_0.role_id 
    where
        r1_0.user_id=?
Hibernate: 
    select
        rp1_0.id,
        rp1_0.chapter_id,
        rp1_0.created_at,
        rp1_0.last_position,
        rp1_0.updated_at,
        rp1_0.user_id 
    from
        reading_progress rp1_0 
    where
        rp1_0.user_id=? 
        and rp1_0.chapter_id=?
Hibernate: 
    update
        reading_progress 
    set
        chapter_id=?,
        created_at=?,
        last_position=?,
        updated_at=?,
        user_id=? 
    where
        id=?
2026-03-28T22:09:32.536+07:00  INFO 23008 --- [SE2] [   File Watcher] rtingClassPathChangeChangedEventListener : Restarting due to 44 class path changes (0 additions, 43 deletions, 1 modification)
2026-03-28T22:09:32.543+07:00  INFO 23008 --- [SE2] [       Thread-1] o.s.boot.tomcat.GracefulShutdown         : Commencing graceful shutdown. Waiting for active requests to complete
2026-03-28T22:09:32.553+07:00  INFO 23008 --- [SE2] [tomcat-shutdown] o.s.boot.tomcat.GracefulShutdown         : Graceful shutdown complete
2026-03-28T22:09:32.562+07:00  INFO 23008 --- [SE2] [       Thread-1] j.LocalContainerEntityManagerFactoryBean : Closing JPA EntityManagerFactory for persistence unit 'default'
2026-03-28T22:09:32.566+07:00  INFO 23008 --- [SE2] [       Thread-1] com.zaxxer.hikari.HikariDataSource       : HikariPool-1 - Shutdown initiated...
2026-03-28T22:09:32.571+07:00  INFO 23008 --- [SE2] [       Thread-1] com.zaxxer.hikari.HikariDataSource       : HikariPool-1 - Shutdown completed.

  .   ____          _            __ _ _
 /\\ / ___'_ __ _ _(_)_ __  __ _ \ \ \ \
( ( )\___ | '_ | '_| | '_ \/ _` | \ \ \ \
 \\/  ___)| |_)| | | | | || (_| |  ) ) ) )
  '  |____| .__|_| |_|_| |_\__, | / / / /
 =========|_|==============|___/=/_/_/_/

 :: Spring Boot ::                (v4.0.1)

2026-03-28T22:09:32.766+07:00  INFO 23008 --- [SE2] [  restartedMain] com.example.SE2.Se2Application           : Starting Se2Application using Java 21.0.8 with PID 23008 (C:\Users\duong\Desktop\SE2\SE2_Thymleaf\SE2\target\classes started by duong in C:\Users\duong\Desktop\SE2\SE2_Thymleaf\SE2)
2026-03-28T22:09:32.766+07:00  INFO 23008 --- [SE2] [  restartedMain] com.example.SE2.Se2Application           : No active profile set, falling back to 1 default profile: "default"
2026-03-28T22:09:32.775+07:00  WARN 23008 --- [SE2] [  restartedMain] o.s.core.annotation.MergedAnnotation     : Failed to introspect meta-annotation @EnableConfigurationProperties on class com.example.SE2.Se2Application: java.lang.TypeNotPresentException: Type com.example.SE2.configs.StorageProperties not present
2026-03-28T22:09:32.782+07:00  WARN 23008 --- [SE2] [  restartedMain] ConfigServletWebServerApplicationContext : Exception encountered during context initialization - cancelling refresh attempt: org.springframework.beans.factory.BeanDefinitionStoreException: I/O failure while processing configuration class [null]
2026-03-28T22:09:32.806+07:00 ERROR 23008 --- [SE2] [  restartedMain] o.s.boot.SpringApplication               : Application run failed

org.springframework.beans.factory.BeanDefinitionStoreException: I/O failure while processing configuration class [null]
	at org.springframework.context.annotation.ConfigurationClassParser.processConfigurationClass(ConfigurationClassParser.java:288) ~[spring-context-7.0.2.jar:7.0.2]
	at org.springframework.context.annotation.ConfigurationClassParser.parse(ConfigurationClassParser.java:206) ~[spring-context-7.0.2.jar:7.0.2]
	at org.springframework.context.annotation.ConfigurationClassParser.parse(ConfigurationClassParser.java:174) ~[spring-context-7.0.2.jar:7.0.2]
	at org.springframework.context.annotation.ConfigurationClassPostProcessor.processConfigBeanDefinitions(ConfigurationClassPostProcessor.java:446) ~[spring-context-7.0.2.jar:7.0.2]
	at org.springframework.context.annotation.ConfigurationClassPostProcessor.postProcessBeanDefinitionRegistry(ConfigurationClassPostProcessor.java:310) ~[spring-context-7.0.2.jar:7.0.2]
	at org.springframework.context.support.PostProcessorRegistrationDelegate.invokeBeanDefinitionRegistryPostProcessors(PostProcessorRegistrationDelegate.java:349) ~[spring-context-7.0.2.jar:7.0.2]
	at org.springframework.context.support.PostProcessorRegistrationDelegate.invokeBeanFactoryPostProcessors(PostProcessorRegistrationDelegate.java:118) ~[spring-context-7.0.2.jar:7.0.2]
	at org.springframework.context.support.AbstractApplicationContext.invokeBeanFactoryPostProcessors(AbstractApplicationContext.java:794) ~[spring-context-7.0.2.jar:7.0.2]
	at org.springframework.context.support.AbstractApplicationContext.refresh(AbstractApplicationContext.java:602) ~[spring-context-7.0.2.jar:7.0.2]
	at org.springframework.boot.web.server.servlet.context.ServletWebServerApplicationContext.refresh(ServletWebServerApplicationContext.java:143) ~[spring-boot-web-server-4.0.1.jar:4.0.1]
	at org.springframework.boot.SpringApplication.refresh(SpringApplication.java:756) ~[spring-boot-4.0.1.jar:4.0.1]
	at org.springframework.boot.SpringApplication.refreshContext(SpringApplication.java:445) ~[spring-boot-4.0.1.jar:4.0.1]
	at org.springframework.boot.SpringApplication.run(SpringApplication.java:321) ~[spring-boot-4.0.1.jar:4.0.1]
	at org.springframework.boot.SpringApplication.run(SpringApplication.java:1365) ~[spring-boot-4.0.1.jar:4.0.1]
	at org.springframework.boot.SpringApplication.run(SpringApplication.java:1354) ~[spring-boot-4.0.1.jar:4.0.1]
	at com.example.SE2.Se2Application.main(Se2Application.java:27) ~[classes/:na]
	at java.base/jdk.internal.reflect.DirectMethodHandleAccessor.invoke(DirectMethodHandleAccessor.java:103) ~[na:na]
	at java.base/java.lang.reflect.Method.invoke(Method.java:580) ~[na:na]
	at org.springframework.boot.devtools.restart.RestartLauncher.run(RestartLauncher.java:52) ~[spring-boot-devtools-4.0.1.jar:4.0.1]
Caused by: java.io.FileNotFoundException: class path resource [com/example/SE2/Se2Application.class] cannot be opened because it does not exist
	at org.springframework.core.io.ClassPathResource.getInputStream(ClassPathResource.java:212) ~[spring-core-7.0.2.jar:7.0.2]
	at org.springframework.core.type.classreading.SimpleMetadataReader.getClassReader(SimpleMetadataReader.java:54) ~[spring-core-7.0.2.jar:7.0.2]
	at org.springframework.core.type.classreading.SimpleMetadataReader.<init>(SimpleMetadataReader.java:48) ~[spring-core-7.0.2.jar:7.0.2]
	at org.springframework.core.type.classreading.SimpleMetadataReaderFactory.getMetadataReader(SimpleMetadataReaderFactory.java:62) ~[spring-core-7.0.2.jar:7.0.2]
	at org.springframework.core.type.classreading.CachingMetadataReaderFactory.getMetadataReader(CachingMetadataReaderFactory.java:127) ~[spring-core-7.0.2.jar:7.0.2]
	at org.springframework.core.type.classreading.AbstractMetadataReaderFactory.getMetadataReader(AbstractMetadataReaderFactory.java:62) ~[spring-core-7.0.2.jar:7.0.2]
	at org.springframework.core.type.classreading.CachingMetadataReaderFactory.getMetadataReader(CachingMetadataReaderFactory.java:40) ~[spring-core-7.0.2.jar:7.0.2]
	at org.springframework.context.annotation.ConfigurationClassParser.asSourceClass(ConfigurationClassParser.java:728) ~[spring-context-7.0.2.jar:7.0.2]
	at org.springframework.context.annotation.ConfigurationClassParser.asSourceClass(ConfigurationClassParser.java:694) ~[spring-context-7.0.2.jar:7.0.2]
	at org.springframework.context.annotation.ConfigurationClassParser.asSourceClass(ConfigurationClassParser.java:672) ~[spring-context-7.0.2.jar:7.0.2]
	at org.springframework.context.annotation.ConfigurationClassParser.processConfigurationClass(ConfigurationClassParser.java:281) ~[spring-context-7.0.2.jar:7.0.2]
	... 18 common frames omitted


  .   ____          _            __ _ _
 /\\ / ___'_ __ _ _(_)_ __  __ _ \ \ \ \
( ( )\___ | '_ | '_| | '_ \/ _` | \ \ \ \
 \\/  ___)| |_)| | | | | || (_| |  ) ) ) )
  '  |____| .__|_| |_|_| |_\__, | / / / /
 =========|_|==============|___/=/_/_/_/

 :: Spring Boot ::                (v4.0.1)

2026-03-28T22:09:34.335+07:00  INFO 23008 --- [SE2] [  restartedMain] com.example.SE2.Se2Application           : Starting Se2Application using Java 21.0.8 with PID 23008 (C:\Users\duong\Desktop\SE2\SE2_Thymleaf\SE2\target\classes started by duong in C:\Users\duong\Desktop\SE2\SE2_Thymleaf\SE2)
2026-03-28T22:09:34.335+07:00  INFO 23008 --- [SE2] [  restartedMain] com.example.SE2.Se2Application           : No active profile set, falling back to 1 default profile: "default"
2026-03-28T22:09:34.593+07:00  INFO 23008 --- [SE2] [  restartedMain] .s.d.r.c.RepositoryConfigurationDelegate : Bootstrapping Spring Data JPA repositories in DEFAULT mode.
2026-03-28T22:09:34.637+07:00  INFO 23008 --- [SE2] [  restartedMain] .s.d.r.c.RepositoryConfigurationDelegate : Finished Spring Data repository scanning in 42 ms. Found 16 JPA repository interfaces.
2026-03-28T22:09:34.808+07:00  INFO 23008 --- [SE2] [  restartedMain] o.s.boot.tomcat.TomcatWebServer          : Tomcat initialized with port 9000 (http)
2026-03-28T22:09:34.810+07:00  INFO 23008 --- [SE2] [  restartedMain] o.apache.catalina.core.StandardService   : Starting service [Tomcat]
2026-03-28T22:09:34.810+07:00  INFO 23008 --- [SE2] [  restartedMain] o.apache.catalina.core.StandardEngine    : Starting Servlet engine: [Apache Tomcat/11.0.15]
2026-03-28T22:09:34.839+07:00  INFO 23008 --- [SE2] [  restartedMain] b.w.c.s.WebApplicationContextInitializer : Root WebApplicationContext: initialization completed in 502 ms
2026-03-28T22:09:34.872+07:00  WARN 23008 --- [SE2] [  restartedMain] o.a.c.c.C.[Tomcat].[localhost].[/]       : Cannot deserialize session attribute [SPRING_SECURITY_CONTEXT] for session [0562A7948EF24957E20D83C17DA5F69F]
2026-03-28T22:09:34.873+07:00 ERROR 23008 --- [SE2] [  restartedMain] o.a.catalina.session.StandardManager     : Exception loading sessions from persistent storage

java.io.StreamCorruptedException: invalid type code: 00
	at java.base/java.io.ObjectInputStream.readObject0(ObjectInputStream.java:1793) ~[na:na]
	at java.base/java.io.ObjectInputStream$FieldValues.<init>(ObjectInputStream.java:2618) ~[na:na]
	at java.base/java.io.ObjectInputStream.defaultReadObject(ObjectInputStream.java:678) ~[na:na]
	at java.base/java.lang.Throwable.readObject(Throwable.java:936) ~[na:na]
	at java.base/jdk.internal.reflect.DirectMethodHandleAccessor.invoke(DirectMethodHandleAccessor.java:103) ~[na:na]
	at java.base/java.lang.reflect.Method.invoke(Method.java:580) ~[na:na]
	at java.base/java.io.ObjectStreamClass.invokeReadObject(ObjectStreamClass.java:1102) ~[na:na]
	at java.base/java.io.ObjectInputStream.readSerialData(ObjectInputStream.java:2444) ~[na:na]
	at java.base/java.io.ObjectInputStream.readOrdinaryObject(ObjectInputStream.java:2284) ~[na:na]
	at java.base/java.io.ObjectInputStream.readObject0(ObjectInputStream.java:1762) ~[na:na]
	at java.base/java.io.ObjectInputStream.readObject(ObjectInputStream.java:540) ~[na:na]
	at java.base/java.io.ObjectInputStream.readObject(ObjectInputStream.java:498) ~[na:na]
	at org.apache.catalina.session.StandardSession.doReadObject(StandardSession.java:1120) ~[tomcat-embed-core-11.0.15.jar:11.0.15]
	at org.apache.catalina.session.StandardSession.readObjectData(StandardSession.java:821) ~[tomcat-embed-core-11.0.15.jar:11.0.15]
	at org.apache.catalina.session.StandardManager.load(StandardManager.java:146) ~[tomcat-embed-core-11.0.15.jar:11.0.15]
	at org.apache.catalina.session.StandardManager.startInternal(StandardManager.java:255) ~[tomcat-embed-core-11.0.15.jar:11.0.15]
	at org.apache.catalina.util.LifecycleBase.start(LifecycleBase.java:164) ~[tomcat-embed-core-11.0.15.jar:11.0.15]
	at org.apache.catalina.core.StandardContext.startInternal(StandardContext.java:4443) ~[tomcat-embed-core-11.0.15.jar:11.0.15]
	at org.apache.catalina.util.LifecycleBase.start(LifecycleBase.java:164) ~[tomcat-embed-core-11.0.15.jar:11.0.15]
	at org.apache.catalina.core.ContainerBase$StartChild.call(ContainerBase.java:1162) ~[tomcat-embed-core-11.0.15.jar:11.0.15]
	at org.apache.catalina.core.ContainerBase$StartChild.call(ContainerBase.java:1158) ~[tomcat-embed-core-11.0.15.jar:11.0.15]
	at java.base/java.util.concurrent.FutureTask.run(FutureTask.java:317) ~[na:na]
	at org.apache.tomcat.util.threads.InlineExecutorService.execute(InlineExecutorService.java:81) ~[tomcat-embed-core-11.0.15.jar:11.0.15]
	at java.base/java.util.concurrent.AbstractExecutorService.submit(AbstractExecutorService.java:145) ~[na:na]
	at org.apache.catalina.core.ContainerBase.startInternal(ContainerBase.java:714) ~[tomcat-embed-core-11.0.15.jar:11.0.15]
	at org.apache.catalina.core.StandardHost.startInternal(StandardHost.java:780) ~[tomcat-embed-core-11.0.15.jar:11.0.15]
	at org.apache.catalina.util.LifecycleBase.start(LifecycleBase.java:164) ~[tomcat-embed-core-11.0.15.jar:11.0.15]
	at org.apache.catalina.core.ContainerBase$StartChild.call(ContainerBase.java:1162) ~[tomcat-embed-core-11.0.15.jar:11.0.15]
	at org.apache.catalina.core.ContainerBase$StartChild.call(ContainerBase.java:1158) ~[tomcat-embed-core-11.0.15.jar:11.0.15]
	at java.base/java.util.concurrent.FutureTask.run(FutureTask.java:317) ~[na:na]
	at org.apache.tomcat.util.threads.InlineExecutorService.execute(InlineExecutorService.java:81) ~[tomcat-embed-core-11.0.15.jar:11.0.15]
	at java.base/java.util.concurrent.AbstractExecutorService.submit(AbstractExecutorService.java:145) ~[na:na]
	at org.apache.catalina.core.ContainerBase.startInternal(ContainerBase.java:714) ~[tomcat-embed-core-11.0.15.jar:11.0.15]
	at org.apache.catalina.core.StandardEngine.startInternal(StandardEngine.java:201) ~[tomcat-embed-core-11.0.15.jar:11.0.15]
	at org.apache.catalina.util.LifecycleBase.start(LifecycleBase.java:164) ~[tomcat-embed-core-11.0.15.jar:11.0.15]
	at org.apache.catalina.core.StandardService.startInternal(StandardService.java:410) ~[tomcat-embed-core-11.0.15.jar:11.0.15]
	at org.apache.catalina.util.LifecycleBase.start(LifecycleBase.java:164) ~[tomcat-embed-core-11.0.15.jar:11.0.15]
	at org.apache.catalina.core.StandardServer.startInternal(StandardServer.java:864) ~[tomcat-embed-core-11.0.15.jar:11.0.15]
	at org.apache.catalina.util.LifecycleBase.start(LifecycleBase.java:164) ~[tomcat-embed-core-11.0.15.jar:11.0.15]
	at org.apache.catalina.startup.Tomcat.start(Tomcat.java:435) ~[tomcat-embed-core-11.0.15.jar:11.0.15]
	at org.springframework.boot.tomcat.TomcatWebServer.initialize(TomcatWebServer.java:131) ~[spring-boot-tomcat-4.0.1.jar:4.0.1]
	at org.springframework.boot.tomcat.TomcatWebServer.<init>(TomcatWebServer.java:110) ~[spring-boot-tomcat-4.0.1.jar:4.0.1]
	at org.springframework.boot.tomcat.servlet.TomcatServletWebServerFactory.getTomcatWebServer(TomcatServletWebServerFactory.java:408) ~[spring-boot-tomcat-4.0.1.jar:4.0.1]
	at org.springframework.boot.tomcat.servlet.TomcatServletWebServerFactory.getWebServer(TomcatServletWebServerFactory.java:166) ~[spring-boot-tomcat-4.0.1.jar:4.0.1]
	at org.springframework.boot.web.server.servlet.context.ServletWebServerApplicationContext.createWebServer(ServletWebServerApplicationContext.java:190) ~[spring-boot-web-server-4.0.1.jar:4.0.1]
	at org.springframework.boot.web.server.servlet.context.ServletWebServerApplicationContext.onRefresh(ServletWebServerApplicationContext.java:164) ~[spring-boot-web-server-4.0.1.jar:4.0.1]
	at org.springframework.context.support.AbstractApplicationContext.refresh(AbstractApplicationContext.java:614) ~[spring-context-7.0.2.jar:7.0.2]
	at org.springframework.boot.web.server.servlet.context.ServletWebServerApplicationContext.refresh(ServletWebServerApplicationContext.java:143) ~[spring-boot-web-server-4.0.1.jar:4.0.1]
	at org.springframework.boot.SpringApplication.refresh(SpringApplication.java:756) ~[spring-boot-4.0.1.jar:4.0.1]
	at org.springframework.boot.SpringApplication.refreshContext(SpringApplication.java:445) ~[spring-boot-4.0.1.jar:4.0.1]
	at org.springframework.boot.SpringApplication.run(SpringApplication.java:321) ~[spring-boot-4.0.1.jar:4.0.1]
	at org.springframework.boot.SpringApplication.run(SpringApplication.java:1365) ~[spring-boot-4.0.1.jar:4.0.1]
	at org.springframework.boot.SpringApplication.run(SpringApplication.java:1354) ~[spring-boot-4.0.1.jar:4.0.1]
	at com.example.SE2.Se2Application.main(Se2Application.java:27) ~[classes/:na]
	at java.base/jdk.internal.reflect.DirectMethodHandleAccessor.invoke(DirectMethodHandleAccessor.java:103) ~[na:na]
	at java.base/java.lang.reflect.Method.invoke(Method.java:580) ~[na:na]
	at org.springframework.boot.devtools.restart.RestartLauncher.run(RestartLauncher.java:52) ~[spring-boot-devtools-4.0.1.jar:4.0.1]

2026-03-28T22:09:34.920+07:00  INFO 23008 --- [SE2] [  restartedMain] org.hibernate.orm.jpa                    : HHH008540: Processing PersistenceUnitInfo [name: default]
2026-03-28T22:09:34.949+07:00  INFO 23008 --- [SE2] [  restartedMain] com.zaxxer.hikari.HikariDataSource       : HikariPool-2 - Starting...
2026-03-28T22:09:34.979+07:00  INFO 23008 --- [SE2] [  restartedMain] com.zaxxer.hikari.pool.HikariPool        : HikariPool-2 - Added connection org.postgresql.jdbc.PgConnection@7278cfb9
2026-03-28T22:09:34.979+07:00  INFO 23008 --- [SE2] [  restartedMain] com.zaxxer.hikari.HikariDataSource       : HikariPool-2 - Start completed.
2026-03-28T22:09:34.992+07:00  INFO 23008 --- [SE2] [  restartedMain] org.hibernate.orm.connections.pooling    : HHH10001005: Database info:
	Database JDBC URL [jdbc:postgresql://localhost:5432/se2-new]
	Database driver: PostgreSQL JDBC Driver
	Database dialect: PostgreSQLDialect
	Database version: 18.3
	Default catalog/schema: se2-new/public
	Autocommit mode: undefined/unknown
	Isolation level: READ_COMMITTED [default READ_COMMITTED]
	JDBC fetch size: none
	Pool: DataSourceConnectionProvider
	Minimum pool size: undefined/unknown
	Maximum pool size: undefined/unknown
2026-03-28T22:09:35.001+07:00  INFO 23008 --- [SE2] [  restartedMain] o.s.o.j.p.SpringPersistenceUnitInfo      : No LoadTimeWeaver setup: ignoring JPA class transformer
2026-03-28T22:09:35.240+07:00  INFO 23008 --- [SE2] [  restartedMain] org.hibernate.orm.core                   : HHH000489: No JTA platform available (set 'hibernate.transaction.jta.platform' to enable JTA platform integration)
2026-03-28T22:09:35.278+07:00  INFO 23008 --- [SE2] [  restartedMain] j.LocalContainerEntityManagerFactoryBean : Initialized JPA EntityManagerFactory for persistence unit 'default'
2026-03-28T22:09:35.592+07:00  WARN 23008 --- [SE2] [  restartedMain] JpaBaseConfiguration$JpaWebConfiguration : spring.jpa.open-in-view is enabled by default. Therefore, database queries may be performed during view rendering. Explicitly configure spring.jpa.open-in-view to disable this warning
2026-03-28T22:09:35.640+07:00  INFO 23008 --- [SE2] [  restartedMain] r$InitializeUserDetailsManagerConfigurer : Global AuthenticationManager configured with UserDetailsService bean with name userDetailServiceImpl
2026-03-28T22:09:36.078+07:00  INFO 23008 --- [SE2] [  restartedMain] o.s.boot.tomcat.TomcatWebServer          : Tomcat started on port 9000 (http) with context path '/'
2026-03-28T22:09:36.081+07:00  INFO 23008 --- [SE2] [  restartedMain] com.example.SE2.Se2Application           : Started Se2Application in 1.767 seconds (process running for 918.713)
Hibernate: 
    select
        count(*) 
    from
        novel n1_0
Hibernate: 
    select
        r1_0.id,
        r1_0.created_at,
        r1_0.name,
        r1_0.updated_at 
    from
        roles r1_0 
    where
        r1_0.name=?
Hibernate: 
    select
        r1_0.id,
        r1_0.created_at,
        r1_0.name,
        r1_0.updated_at 
    from
        roles r1_0 
    where
        r1_0.name=?
Hibernate: 
    select
        u1_0.id,
        u1_0.avatar_url,
        u1_0.created_at,
        u1_0.email,
        u1_0.first_name,
        u1_0.is_deleted,
        u1_0.is_logged_in,
        u1_0.last_name,
        u1_0.password,
        u1_0.phone,
        u1_0.provider,
        u1_0.reset_password_token,
        u1_0.updated_at,
        u1_0.username 
    from
        users u1_0 
    where
        u1_0.email=?
Hibernate: 
    select
        r1_0.user_id,
        r1_1.id,
        r1_1.created_at,
        r1_1.name,
        r1_1.updated_at 
    from
        user_role r1_0 
    join
        roles r1_1 
            on r1_1.id=r1_0.role_id 
    where
        r1_0.user_id=?
2026-03-28T22:09:36.125+07:00  INFO 23008 --- [SE2] [  restartedMain] com.example.SE2.configs.DataSeed         : Admin created: admin@gmail.com
2026-03-28T22:09:36.126+07:00  INFO 23008 --- [SE2] [  restartedMain] .ConditionEvaluationDeltaLoggingListener : Condition evaluation unchanged
[INFO] ------------------------------------------------------------------------
[INFO] BUILD FAILURE
[INFO] ------------------------------------------------------------------------
[INFO] Total time:  15:51 min
[INFO] Finished at: 2026-03-28T22:10:06+07:00
[INFO] ------------------------------------------------------------------------
[ERROR] Failed to execute goal org.springframework.boot:spring-boot-maven-plugin:4.0.1:run (default-cli) on project demo: Process terminated with exit code: 1 -> [Help 1]
[ERROR] 
[ERROR] To see the full stack trace of the errors, re-run Maven with the -e switch.
[ERROR] Re-run Maven using the -X switch to enable full debug logging.
[ERROR] 
[ERROR] For more information about the errors and possible solutions, please read the following articles:
[ERROR] [Help 1] http://cwiki.apache.org/confluence/display/MAVEN/MojoExecutionException
