[INFO] Scanning for projects...
[INFO] 
[INFO] --------------------------< com.example:demo >--------------------------
[INFO] Building demo 0.0.1-SNAPSHOT
[INFO]   from pom.xml
[INFO] --------------------------------[ jar ]---------------------------------
[INFO] 
[INFO] >>> spring-boot:4.0.1:run (default-cli) > test-compile @ demo >>>
[INFO] 
[INFO] --- resources:3.3.1:resources (default-resources) @ demo ---
[INFO] Copying 3 resources from src\main\resources to target\classes
[INFO] Copying 54 resources from src\main\resources to target\classes
[INFO] 
[INFO] --- compiler:3.14.1:compile (default-compile) @ demo ---
[INFO] Nothing to compile - all classes are up to date.
[INFO] 
[INFO] --- resources:3.3.1:testResources (default-testResources) @ demo ---
[INFO] skip non existing resourceDirectory C:\Users\duong\Desktop\SE2\SE2_Thymleaf\SE2\src\test\resources
[INFO] 
[INFO] --- compiler:3.14.1:testCompile (default-testCompile) @ demo ---
[INFO] Nothing to compile - all classes are up to date.
[INFO] 
[INFO] <<< spring-boot:4.0.1:run (default-cli) < test-compile @ demo <<<
[INFO] 
[INFO] 
[INFO] --- spring-boot:4.0.1:run (default-cli) @ demo ---
[INFO] Attaching agents: []

  .   ____          _            __ _ _
 /\\ / ___'_ __ _ _(_)_ __  __ _ \ \ \ \
( ( )\___ | '_ | '_| | '_ \/ _` | \ \ \ \
 \\/  ___)| |_)| | | | | || (_| |  ) ) ) )
  '  |____| .__|_| |_|_| |_\__, | / / / /
 =========|_|==============|___/=/_/_/_/

 :: Spring Boot ::                (v4.0.1)

2026-03-28T21:45:43.796+07:00  INFO 18992 --- [SE2] [  restartedMain] com.example.SE2.Se2Application           : Starting Se2Application using Java 21.0.8 with PID 18992 (C:\Users\duong\Desktop\SE2\SE2_Thymleaf\SE2\target\classes started by duong in C:\Users\duong\Desktop\SE2\SE2_Thymleaf\SE2)
2026-03-28T21:45:43.798+07:00  INFO 18992 --- [SE2] [  restartedMain] com.example.SE2.Se2Application           : No active profile set, falling back to 1 default profile: "default"
2026-03-28T21:45:44.008+07:00  INFO 18992 --- [SE2] [  restartedMain] o.s.b.devtools.restart.ChangeableUrls    : The Class-Path manifest attribute in C:\Users\duong\.m2\repository\io\github\cdimascio\java-dotenv\5.2.2\java-dotenv-5.2.2.jar referenced one or more files that do not exist: file:/C:/Users/duong/.m2/repository/io/github/cdimascio/java-dotenv/5.2.2/kotlin-stdlib-1.4.0.jar,file:/C:/Users/duong/.m2/repository/io/github/cdimascio/java-dotenv/5.2.2/kotlin-stdlib-common-1.4.0.jar,file:/C:/Users/duong/.m2/repository/io/github/cdimascio/java-dotenv/5.2.2/annotations-13.0.jar
2026-03-28T21:45:44.009+07:00  INFO 18992 --- [SE2] [  restartedMain] .e.DevToolsPropertyDefaultsPostProcessor : Devtools property defaults active! Set 'spring.devtools.add-properties' to 'false' to disable
2026-03-28T21:45:44.009+07:00  INFO 18992 --- [SE2] [  restartedMain] .e.DevToolsPropertyDefaultsPostProcessor : For additional web related logging consider setting the 'logging.level.web' property to 'DEBUG'
2026-03-28T21:45:44.729+07:00  INFO 18992 --- [SE2] [  restartedMain] .s.d.r.c.RepositoryConfigurationDelegate : Bootstrapping Spring Data JPA repositories in DEFAULT mode.
2026-03-28T21:45:44.887+07:00  INFO 18992 --- [SE2] [  restartedMain] .s.d.r.c.RepositoryConfigurationDelegate : Finished Spring Data repository scanning in 151 ms. Found 16 JPA repository interfaces.
2026-03-28T21:45:45.488+07:00  INFO 18992 --- [SE2] [  restartedMain] o.s.boot.tomcat.TomcatWebServer          : Tomcat initialized with port 9000 (http)
2026-03-28T21:45:45.500+07:00  INFO 18992 --- [SE2] [  restartedMain] o.apache.catalina.core.StandardService   : Starting service [Tomcat]
2026-03-28T21:45:45.500+07:00  INFO 18992 --- [SE2] [  restartedMain] o.apache.catalina.core.StandardEngine    : Starting Servlet engine: [Apache Tomcat/11.0.15]
2026-03-28T21:45:45.543+07:00  INFO 18992 --- [SE2] [  restartedMain] b.w.c.s.WebApplicationContextInitializer : Root WebApplicationContext: initialization completed in 1534 ms
2026-03-28T21:45:45.693+07:00  INFO 18992 --- [SE2] [  restartedMain] org.hibernate.orm.jpa                    : HHH008540: Processing PersistenceUnitInfo [name: default]
2026-03-28T21:45:45.736+07:00  INFO 18992 --- [SE2] [  restartedMain] org.hibernate.orm.core                   : HHH000001: Hibernate ORM core version 7.2.0.Final
2026-03-28T21:45:45.983+07:00  INFO 18992 --- [SE2] [  restartedMain] com.zaxxer.hikari.HikariDataSource       : HikariPool-1 - Starting...
2026-03-28T21:45:46.079+07:00  INFO 18992 --- [SE2] [  restartedMain] com.zaxxer.hikari.pool.HikariPool        : HikariPool-1 - Added connection org.postgresql.jdbc.PgConnection@356aeb1c
2026-03-28T21:45:46.080+07:00  INFO 18992 --- [SE2] [  restartedMain] com.zaxxer.hikari.HikariDataSource       : HikariPool-1 - Start completed.
2026-03-28T21:45:46.144+07:00  INFO 18992 --- [SE2] [  restartedMain] org.hibernate.orm.connections.pooling    : HHH10001005: Database info:
	Database JDBC URL [jdbc:postgresql://localhost:5432/se2-new]
	Database driver: PostgreSQL JDBC Driver
	Database dialect: PostgreSQLDialect
	Database version: 18.3
	Default catalog/schema: se2-new/public
	Autocommit mode: undefined/unknown
	Isolation level: READ_COMMITTED [default READ_COMMITTED]
	JDBC fetch size: none
	Pool: DataSourceConnectionProvider
	Minimum pool size: undefined/unknown
	Maximum pool size: undefined/unknown
2026-03-28T21:45:46.307+07:00  INFO 18992 --- [SE2] [  restartedMain] o.s.o.j.p.SpringPersistenceUnitInfo      : No LoadTimeWeaver setup: ignoring JPA class transformer
2026-03-28T21:45:47.324+07:00  INFO 18992 --- [SE2] [  restartedMain] org.hibernate.orm.core                   : HHH000489: No JTA platform available (set 'hibernate.transaction.jta.platform' to enable JTA platform integration)
Hibernate: 
    set client_min_messages = WARNING
Hibernate: 
    alter table if exists bookmark 
       drop constraint if exists FK3hdxuamh7ailwcgu3ru0c05ld
Hibernate: 
    alter table if exists bookmark 
       drop constraint if exists FKo4vbqvq5trl11d85bqu5kl870
Hibernate: 
    alter table if exists chapter 
       drop constraint if exists FK9gxktxyevc28poaea71k3jv2d
Hibernate: 
    alter table if exists favorite 
       drop constraint if exists FKs8c843e99ngqqnhd30d8ghc6q
Hibernate: 
    alter table if exists favorite 
       drop constraint if exists FKa2lwa7bjrnbti5v12mga2et1y
Hibernate: 
    alter table if exists notification 
       drop constraint if exists FKnk4ftb5am9ubmkv1661h15ds9
Hibernate: 
    alter table if exists novel_genre 
       drop constraint if exists FKre91yiv3897hdf6ene8lxfcey
Hibernate: 
    alter table if exists novel_genre 
       drop constraint if exists FK67r515wvjop3t6eqvsumlb10e
Hibernate: 
    alter table if exists novel_comment 
       drop constraint if exists FKq5uvmouspb3vposjq6qjv1myo
Hibernate: 
    alter table if exists novel_comment 
       drop constraint if exists FK66ep56l8xrg0n1crk6b0oxoc0
Hibernate: 
    alter table if exists novel_comment 
       drop constraint if exists FKb1qgb7o7lyor7qb2p3d8vsku3
Hibernate: 
    alter table if exists paragraph_comment 
       drop constraint if exists FKj2hw740imaloxlk7085bttqsh
Hibernate: 
    alter table if exists paragraph_comment 
       drop constraint if exists FK2t6fhn311ckir067ab1agay4h
Hibernate: 
    alter table if exists paragraph_comment 
       drop constraint if exists FKf8ym5dk3q3v2mbcnb501lbm2q
Hibernate: 
    alter table if exists rating 
       drop constraint if exists FK2k2r3pea3m5cp6unplg4rax5n
Hibernate: 
    alter table if exists rating 
       drop constraint if exists FKf68lgbsbxl310n0jifwpfqgfh
Hibernate: 
    alter table if exists reading_progress 
       drop constraint if exists FKqwjvcqqxwnc40it4yjqkdwt86
Hibernate: 
    alter table if exists reading_progress 
       drop constraint if exists FKm29heqt0ff3ofdc6hfj2pquby
Hibernate: 
    alter table if exists reading_setting 
       drop constraint if exists FK5pt6woyoysv68501k3dxflbts
Hibernate: 
    alter table if exists trans_chapter 
       drop constraint if exists FK2nsk072yr3w3xonelfa4wa32
Hibernate: 
    alter table if exists translation_history 
       drop constraint if exists FK426j0neofg4occb4ysmargfwi
Hibernate: 
    alter table if exists translation_history 
       drop constraint if exists FKc8p7d38pwiwwiviwcouoa4bvs
Hibernate: 
    alter table if exists translations 
       drop constraint if exists FKauedxnhwe31ot297pa6m6s7wd
Hibernate: 
    alter table if exists translations 
       drop constraint if exists FKfrcsm71i5j4tupionyp6sk5l1
Hibernate: 
    alter table if exists user_role 
       drop constraint if exists FKt7e7djp752sqn6w22i6ocqy6q
Hibernate: 
    alter table if exists user_role 
       drop constraint if exists FKj345gk1bovqvfame88rcx7yyx
Hibernate: 
    drop table if exists bookmark cascade
Hibernate: 
    drop table if exists chapter cascade
Hibernate: 
    drop table if exists favorite cascade
Hibernate: 
    drop table if exists genre cascade
Hibernate: 
    drop table if exists notification cascade
Hibernate: 
    drop table if exists novel cascade
Hibernate: 
    drop table if exists novel_genre cascade
Hibernate: 
    drop table if exists novel_comment cascade
Hibernate: 
    drop table if exists paragraph_comment cascade
Hibernate: 
    drop table if exists rating cascade
Hibernate: 
    drop table if exists reading_progress cascade
Hibernate: 
    drop table if exists reading_setting cascade
Hibernate: 
    drop table if exists roles cascade
Hibernate: 
    drop table if exists trans_chapter cascade
Hibernate: 
    drop table if exists translation_history cascade
Hibernate: 
    drop table if exists translations cascade
Hibernate: 
    drop table if exists user_role cascade
Hibernate: 
    drop table if exists users cascade
Hibernate: 
    create table bookmark (
        paragraph_index integer,
        chapter_id bigint not null,
        created_at timestamp(6),
        updated_at timestamp(6),
        id varchar(255) not null,
        user_id varchar(255) not null,
        primary key (id)
    )
Hibernate: 
    create table chapter (
        paragraphs integer,
        chapter_number bigint,
        created_at timestamp(6),
        id bigint generated by default as identity,
        novel_id bigint not null,
        updated_at timestamp(6),
        content TEXT,
        title varchar(255),
        primary key (id)
    )
Hibernate: 
    create table favorite (
        created_at timestamp(6),
        id bigint generated by default as identity,
        novel_id bigint not null,
        updated_at timestamp(6),
        user_id varchar(255) not null,
        primary key (id)
    )
Hibernate: 
    create table genre (
        id bigint generated by default as identity,
        name varchar(255),
        primary key (id)
    )
Hibernate: 
    create table notification (
        is_readed boolean not null,
        created_at timestamp(6),
        id bigint generated by default as identity,
        updated_at timestamp(6),
        content TEXT,
        user_id varchar(255) not null,
        primary key (id)
    )
Hibernate: 
    create table novel (
        average_rating float4,
        created_at timestamp(6),
        id bigint generated by default as identity,
        updated_at timestamp(6),
        public_id uuid unique,
        author varchar(255),
        cover_img_url TEXT,
        description TEXT,
        status varchar(255) check ((status in ('ONGOING','COMPLETED','DROPPED'))),
        title varchar(255) unique,
        primary key (id)
    )
Hibernate: 
    create table novel_genre (
        genre_id bigint not null,
        novel_id bigint not null,
        primary key (genre_id, novel_id)
    )
Hibernate: 
    create table novel_comment (
        created_at timestamp(6),
        id bigint generated by default as identity,
        novel_id bigint not null,
        parent_comment_id bigint,
        updated_at timestamp(6),
        content TEXT,
        user_id varchar(255) not null,
        primary key (id)
    )
Hibernate: 
    create table paragraph_comment (
        paragraph_index integer,
        chapter_id bigint not null,
        created_at timestamp(6),
        id bigint generated by default as identity,
        parent_comment_id bigint,
        updated_at timestamp(6),
        content TEXT,
        user_id varchar(255) not null,
        primary key (id)
    )
Hibernate: 
    create table rating (
        score integer,
        created_at timestamp(6),
        id bigint generated by default as identity,
        novel_id bigint not null,
        updated_at timestamp(6),
        user_id varchar(255) not null,
        primary key (id)
    )
Hibernate: 
    create table reading_progress (
        chapter_id bigint not null,
        created_at timestamp(6),
        id bigint generated by default as identity,
        last_position bigint,
        updated_at timestamp(6),
        user_id varchar(255) not null,
        primary key (id)
    )
Hibernate: 
    create table reading_setting (
        created_at timestamp(6),
        id bigint generated by default as identity,
        updated_at timestamp(6),
        font_family varchar(255) check ((font_family in ('SERIF','SANS_SERIF','MONOSPACE'))),
        font_size varchar(255) check ((font_size in ('SMALL','MEDIUM','LARGE','EXTRA_LARGE'))),
        line_spacing varchar(255) check ((line_spacing in ('COMPACT','NORMAL','RELAXED','LOOSE'))),
        theme varchar(255) check ((theme in ('LIGHT','DARK','SEPIA'))),
        user_id varchar(255) not null unique,
        primary key (id)
    )
Hibernate: 
    create table roles (
        created_at timestamp(6),
        id bigint generated by default as identity,
        updated_at timestamp(6),
        name varchar(255) check ((name in ('SUPER_ADMIN','USER','MODERATOR'))),
        primary key (id)
    )
Hibernate: 
    create table trans_chapter (
        paragraphs integer,
        created_at timestamp(6),
        id bigint generated by default as identity,
        novel_id bigint not null,
        updated_at timestamp(6),
        content TEXT,
        primary key (id)
    )
Hibernate: 
    create table translation_history (
        chapter_id bigint not null,
        created_at timestamp(6),
        id bigint generated by default as identity,
        updated_at timestamp(6),
        new_content TEXT,
        previous_content TEXT,
        translator_id varchar(255) not null,
        primary key (id)
    )
Hibernate: 
    create table translations (
        chapter_id bigint not null,
        created_at timestamp(6),
        id bigint generated by default as identity,
        updated_at timestamp(6),
        assigned_by varchar(255) not null,
        content TEXT,
        status varchar(255) check ((status in ('PENDING','IN_PROGRESS','COMPLETED','REJECTED'))),
        primary key (id)
    )
Hibernate: 
    create table user_role (
        role_id bigint not null,
        user_id varchar(255) not null,
        primary key (role_id, user_id)
    )
Hibernate: 
    create table users (
        is_deleted boolean not null,
        is_logged_in boolean not null,
        created_at timestamp(6),
        updated_at timestamp(6),
        avatar_url TEXT,
        email varchar(255) unique,
        first_name varchar(255),
        id varchar(255) not null,
        last_name varchar(255),
        password varchar(255),
        phone varchar(255),
        provider varchar(255) check ((provider in ('LOCAL','GOOGLE'))),
        reset_password_token varchar(255),
        username varchar(255) unique,
        primary key (id)
    )
Hibernate: 
    alter table if exists bookmark 
       add constraint FK3hdxuamh7ailwcgu3ru0c05ld 
       foreign key (chapter_id) 
       references chapter
Hibernate: 
    alter table if exists bookmark 
       add constraint FKo4vbqvq5trl11d85bqu5kl870 
       foreign key (user_id) 
       references users
Hibernate: 
    alter table if exists chapter 
       add constraint FK9gxktxyevc28poaea71k3jv2d 
       foreign key (novel_id) 
       references novel
Hibernate: 
    alter table if exists favorite 
       add constraint FKs8c843e99ngqqnhd30d8ghc6q 
       foreign key (novel_id) 
       references novel
Hibernate: 
    alter table if exists favorite 
       add constraint FKa2lwa7bjrnbti5v12mga2et1y 
       foreign key (user_id) 
       references users
Hibernate: 
    alter table if exists notification 
       add constraint FKnk4ftb5am9ubmkv1661h15ds9 
       foreign key (user_id) 
       references users
Hibernate: 
    alter table if exists novel_genre 
       add constraint FKre91yiv3897hdf6ene8lxfcey 
       foreign key (novel_id) 
       references novel
Hibernate: 
    alter table if exists novel_genre 
       add constraint FK67r515wvjop3t6eqvsumlb10e 
       foreign key (genre_id) 
       references genre
Hibernate: 
    alter table if exists novel_comment 
       add constraint FKq5uvmouspb3vposjq6qjv1myo 
       foreign key (novel_id) 
       references novel
Hibernate: 
    alter table if exists novel_comment 
       add constraint FK66ep56l8xrg0n1crk6b0oxoc0 
       foreign key (parent_comment_id) 
       references novel_comment
Hibernate: 
    alter table if exists novel_comment 
       add constraint FKb1qgb7o7lyor7qb2p3d8vsku3 
       foreign key (user_id) 
       references users
Hibernate: 
    alter table if exists paragraph_comment 
       add constraint FKj2hw740imaloxlk7085bttqsh 
       foreign key (chapter_id) 
       references chapter
Hibernate: 
    alter table if exists paragraph_comment 
       add constraint FK2t6fhn311ckir067ab1agay4h 
       foreign key (parent_comment_id) 
       references paragraph_comment
Hibernate: 
    alter table if exists paragraph_comment 
       add constraint FKf8ym5dk3q3v2mbcnb501lbm2q 
       foreign key (user_id) 
       references users
Hibernate: 
    alter table if exists rating 
       add constraint FK2k2r3pea3m5cp6unplg4rax5n 
       foreign key (novel_id) 
       references novel
Hibernate: 
    alter table if exists rating 
       add constraint FKf68lgbsbxl310n0jifwpfqgfh 
       foreign key (user_id) 
       references users
Hibernate: 
    alter table if exists reading_progress 
       add constraint FKqwjvcqqxwnc40it4yjqkdwt86 
       foreign key (chapter_id) 
       references chapter
Hibernate: 
    alter table if exists reading_progress 
       add constraint FKm29heqt0ff3ofdc6hfj2pquby 
       foreign key (user_id) 
       references users
Hibernate: 
    alter table if exists reading_setting 
       add constraint FK5pt6woyoysv68501k3dxflbts 
       foreign key (user_id) 
       references users
Hibernate: 
    alter table if exists trans_chapter 
       add constraint FK2nsk072yr3w3xonelfa4wa32 
       foreign key (novel_id) 
       references novel
Hibernate: 
    alter table if exists translation_history 
       add constraint FK426j0neofg4occb4ysmargfwi 
       foreign key (chapter_id) 
       references chapter
Hibernate: 
    alter table if exists translation_history 
       add constraint FKc8p7d38pwiwwiviwcouoa4bvs 
       foreign key (translator_id) 
       references users
Hibernate: 
    alter table if exists translations 
       add constraint FKauedxnhwe31ot297pa6m6s7wd 
       foreign key (assigned_by) 
       references users
Hibernate: 
    alter table if exists translations 
       add constraint FKfrcsm71i5j4tupionyp6sk5l1 
       foreign key (chapter_id) 
       references chapter
Hibernate: 
    alter table if exists user_role 
       add constraint FKt7e7djp752sqn6w22i6ocqy6q 
       foreign key (role_id) 
       references roles
Hibernate: 
    alter table if exists user_role 
       add constraint FKj345gk1bovqvfame88rcx7yyx 
       foreign key (user_id) 
       references users
2026-03-28T21:45:47.610+07:00  INFO 18992 --- [SE2] [  restartedMain] j.LocalContainerEntityManagerFactoryBean : Initialized JPA EntityManagerFactory for persistence unit 'default'
2026-03-28T21:45:47.695+07:00  INFO 18992 --- [SE2] [  restartedMain] o.s.d.j.r.query.QueryEnhancerFactories   : Hibernate is in classpath; If applicable, HQL parser will be used.
2026-03-28T21:45:48.723+07:00  WARN 18992 --- [SE2] [  restartedMain] JpaBaseConfiguration$JpaWebConfiguration : spring.jpa.open-in-view is enabled by default. Therefore, database queries may be performed during view rendering. Explicitly configure spring.jpa.open-in-view to disable this warning
2026-03-28T21:45:48.801+07:00  INFO 18992 --- [SE2] [  restartedMain] r$InitializeUserDetailsManagerConfigurer : Global AuthenticationManager configured with UserDetailsService bean with name userDetailServiceImpl
2026-03-28T21:45:49.680+07:00  INFO 18992 --- [SE2] [  restartedMain] o.s.boot.tomcat.TomcatWebServer          : Tomcat started on port 9000 (http) with context path '/'
2026-03-28T21:45:49.686+07:00  INFO 18992 --- [SE2] [  restartedMain] com.example.SE2.Se2Application           : Started Se2Application in 6.25 seconds (process running for 6.747)
Hibernate: 
    select
        r1_0.id,
        r1_0.created_at,
        r1_0.name,
        r1_0.updated_at 
    from
        roles r1_0 
    where
        r1_0.name=?
Hibernate: 
    insert 
    into
        roles
        (created_at, name, updated_at) 
    values
        (?, ?, ?)
Hibernate: 
    insert 
    into
        roles
        (created_at, name, updated_at) 
    values
        (?, ?, ?)
Hibernate: 
    insert 
    into
        roles
        (created_at, name, updated_at) 
    values
        (?, ?, ?)
Hibernate: 
    select
        r1_0.id,
        r1_0.created_at,
        r1_0.name,
        r1_0.updated_at 
    from
        roles r1_0 
    where
        r1_0.name=?
Hibernate: 
    select
        u1_0.id,
        u1_0.avatar_url,
        u1_0.created_at,
        u1_0.email,
        u1_0.first_name,
        u1_0.is_deleted,
        u1_0.is_logged_in,
        u1_0.last_name,
        u1_0.password,
        u1_0.phone,
        u1_0.provider,
        u1_0.reset_password_token,
        u1_0.updated_at,
        u1_0.username 
    from
        users u1_0 
    where
        u1_0.email=?
Hibernate: 
    insert 
    into
        users
        (avatar_url, created_at, email, first_name, is_deleted, is_logged_in, last_name, password, phone, provider, reset_password_token, updated_at, username, id) 
    values
        (?, ?, ?, ?, ?, ?, ?, ?, ?, ?, ?, ?, ?, ?)
Hibernate: 
    insert 
    into
        user_role
        (user_id, role_id) 
    values
        (?, ?)
2026-03-28T21:45:49.959+07:00  INFO 18992 --- [SE2] [  restartedMain] com.example.SE2.configs.DataSeed         : Admin created: admin@gmail.com
Hibernate: 
    select
        count(*) 
    from
        novel n1_0
=== Seeding sample data ===
Hibernate: 
    select
        r1_0.id,
        r1_0.created_at,
        r1_0.name,
        r1_0.updated_at 
    from
        roles r1_0 
    where
        r1_0.name=?
Hibernate: 
    select
        r1_0.id,
        r1_0.created_at,
        r1_0.name,
        r1_0.updated_at 
    from
        roles r1_0 
    where
        r1_0.name=?
Hibernate: 
    select
        r1_0.id,
        r1_0.created_at,
        r1_0.name,
        r1_0.updated_at 
    from
        roles r1_0 
    where
        r1_0.name=?
Hibernate: 
    select
        u1_0.id,
        u1_0.avatar_url,
        u1_0.created_at,
        u1_0.email,
        u1_0.first_name,
        u1_0.is_deleted,
        u1_0.is_logged_in,
        u1_0.last_name,
        u1_0.password,
        u1_0.phone,
        u1_0.provider,
        u1_0.reset_password_token,
        u1_0.updated_at,
        u1_0.username 
    from
        users u1_0 
    where
        u1_0.email=?
Hibernate: 
    insert 
    into
        users
        (avatar_url, created_at, email, first_name, is_deleted, is_logged_in, last_name, password, phone, provider, reset_password_token, updated_at, username, id) 
    values
        (?, ?, ?, ?, ?, ?, ?, ?, ?, ?, ?, ?, ?, ?)
Hibernate: 
    insert 
    into
        user_role
        (user_id, role_id) 
    values
        (?, ?)
Hibernate: 
    insert 
    into
        user_role
        (user_id, role_id) 
    values
        (?, ?)
Hibernate: 
    select
        u1_0.id,
        u1_0.avatar_url,
        u1_0.created_at,
        u1_0.email,
        u1_0.first_name,
        u1_0.is_deleted,
        u1_0.is_logged_in,
        u1_0.last_name,
        u1_0.password,
        u1_0.phone,
        u1_0.provider,
        u1_0.reset_password_token,
        u1_0.updated_at,
        u1_0.username 
    from
        users u1_0 
    where
        u1_0.email=?
Hibernate: 
    insert 
    into
        users
        (avatar_url, created_at, email, first_name, is_deleted, is_logged_in, last_name, password, phone, provider, reset_password_token, updated_at, username, id) 
    values
        (?, ?, ?, ?, ?, ?, ?, ?, ?, ?, ?, ?, ?, ?)
Hibernate: 
    insert 
    into
        user_role
        (user_id, role_id) 
    values
        (?, ?)
Hibernate: 
    select
        u1_0.id,
        u1_0.avatar_url,
        u1_0.created_at,
        u1_0.email,
        u1_0.first_name,
        u1_0.is_deleted,
        u1_0.is_logged_in,
        u1_0.last_name,
        u1_0.password,
        u1_0.phone,
        u1_0.provider,
        u1_0.reset_password_token,
        u1_0.updated_at,
        u1_0.username 
    from
        users u1_0 
    where
        u1_0.email=?
Hibernate: 
    insert 
    into
        users
        (avatar_url, created_at, email, first_name, is_deleted, is_logged_in, last_name, password, phone, provider, reset_password_token, updated_at, username, id) 
    values
        (?, ?, ?, ?, ?, ?, ?, ?, ?, ?, ?, ?, ?, ?)
Hibernate: 
    insert 
    into
        user_role
        (user_id, role_id) 
    values
        (?, ?)
Hibernate: 
    select
        u1_0.id,
        u1_0.avatar_url,
        u1_0.created_at,
        u1_0.email,
        u1_0.first_name,
        u1_0.is_deleted,
        u1_0.is_logged_in,
        u1_0.last_name,
        u1_0.password,
        u1_0.phone,
        u1_0.provider,
        u1_0.reset_password_token,
        u1_0.updated_at,
        u1_0.username 
    from
        users u1_0 
    where
        u1_0.email=?
Hibernate: 
    insert 
    into
        users
        (avatar_url, created_at, email, first_name, is_deleted, is_logged_in, last_name, password, phone, provider, reset_password_token, updated_at, username, id) 
    values
        (?, ?, ?, ?, ?, ?, ?, ?, ?, ?, ?, ?, ?, ?)
Hibernate: 
    insert 
    into
        user_role
        (user_id, role_id) 
    values
        (?, ?)
Hibernate: 
    select
        u1_0.id,
        u1_0.avatar_url,
        u1_0.created_at,
        u1_0.email,
        u1_0.first_name,
        u1_0.is_deleted,
        u1_0.is_logged_in,
        u1_0.last_name,
        u1_0.password,
        u1_0.phone,
        u1_0.provider,
        u1_0.reset_password_token,
        u1_0.updated_at,
        u1_0.username 
    from
        users u1_0 
    where
        u1_0.email=?
Hibernate: 
    insert 
    into
        users
        (avatar_url, created_at, email, first_name, is_deleted, is_logged_in, last_name, password, phone, provider, reset_password_token, updated_at, username, id) 
    values
        (?, ?, ?, ?, ?, ?, ?, ?, ?, ?, ?, ?, ?, ?)
Hibernate: 
    insert 
    into
        user_role
        (user_id, role_id) 
    values
        (?, ?)
Hibernate: 
    insert 
    into
        user_role
        (user_id, role_id) 
    values
        (?, ?)
Hibernate: 
    select
        g1_0.id,
        g1_0.name 
    from
        genre g1_0
Hibernate: 
    insert 
    into
        genre
        (name) 
    values
        (?)
Hibernate: 
    select
        g1_0.id,
        g1_0.name 
    from
        genre g1_0
Hibernate: 
    insert 
    into
        genre
        (name) 
    values
        (?)
Hibernate: 
    select
        g1_0.id,
        g1_0.name 
    from
        genre g1_0
Hibernate: 
    insert 
    into
        genre
        (name) 
    values
        (?)
Hibernate: 
    select
        g1_0.id,
        g1_0.name 
    from
        genre g1_0
Hibernate: 
    insert 
    into
        genre
        (name) 
    values
        (?)
Hibernate: 
    select
        g1_0.id,
        g1_0.name 
    from
        genre g1_0
Hibernate: 
    insert 
    into
        genre
        (name) 
    values
        (?)
Hibernate: 
    insert 
    into
        novel
        (author, average_rating, cover_img_url, created_at, description, public_id, status, title, updated_at) 
    values
        (?, ?, ?, ?, ?, ?, ?, ?, ?)
Hibernate: 
    select
        g1_0.id,
        g1_0.name 
    from
        genre g1_0 
    where
        g1_0.id=?
Hibernate: 
    select
        n1_0.genre_id,
        n1_1.id,
        n1_1.author,
        n1_1.average_rating,
        n1_1.cover_img_url,
        n1_1.created_at,
        n1_1.description,
        n1_1.public_id,
        n1_1.status,
        n1_1.title,
        n1_1.updated_at 
    from
        novel_genre n1_0 
    join
        novel n1_1 
            on n1_1.id=n1_0.novel_id 
    where
        n1_0.genre_id=?
Hibernate: 
    select
        n1_0.id,
        n1_0.author,
        n1_0.average_rating,
        n1_0.cover_img_url,
        n1_0.created_at,
        n1_0.description,
        n1_0.public_id,
        n1_0.status,
        n1_0.title,
        n1_0.updated_at 
    from
        novel n1_0 
    where
        n1_0.id=?
Hibernate: 
    select
        g1_0.id,
        g1_0.name 
    from
        genre g1_0 
    where
        g1_0.id=?
Hibernate: 
    select
        n1_0.genre_id,
        n1_1.id,
        n1_1.author,
        n1_1.average_rating,
        n1_1.cover_img_url,
        n1_1.created_at,
        n1_1.description,
        n1_1.public_id,
        n1_1.status,
        n1_1.title,
        n1_1.updated_at 
    from
        novel_genre n1_0 
    join
        novel n1_1 
            on n1_1.id=n1_0.novel_id 
    where
        n1_0.genre_id=?
Hibernate: 
    insert 
    into
        novel_genre
        (genre_id, novel_id) 
    values
        (?, ?)
Hibernate: 
    insert 
    into
        novel_genre
        (genre_id, novel_id) 
    values
        (?, ?)
Hibernate: 
    insert 
    into
        chapter
        (chapter_number, content, created_at, novel_id, paragraphs, title, updated_at) 
    values
        (?, ?, ?, ?, ?, ?, ?)
Hibernate: 
    insert 
    into
        chapter
        (chapter_number, content, created_at, novel_id, paragraphs, title, updated_at) 
    values
        (?, ?, ?, ?, ?, ?, ?)
Hibernate: 
    insert 
    into
        chapter
        (chapter_number, content, created_at, novel_id, paragraphs, title, updated_at) 
    values
        (?, ?, ?, ?, ?, ?, ?)
Hibernate: 
    insert 
    into
        chapter
        (chapter_number, content, created_at, novel_id, paragraphs, title, updated_at) 
    values
        (?, ?, ?, ?, ?, ?, ?)
Hibernate: 
    insert 
    into
        chapter
        (chapter_number, content, created_at, novel_id, paragraphs, title, updated_at) 
    values
        (?, ?, ?, ?, ?, ?, ?)
Hibernate: 
    insert 
    into
        novel
        (author, average_rating, cover_img_url, created_at, description, public_id, status, title, updated_at) 
    values
        (?, ?, ?, ?, ?, ?, ?, ?, ?)
Hibernate: 
    select
        g1_0.id,
        g1_0.name 
    from
        genre g1_0 
    where
        g1_0.id=?
Hibernate: 
    select
        n1_0.genre_id,
        n1_1.id,
        n1_1.author,
        n1_1.average_rating,
        n1_1.cover_img_url,
        n1_1.created_at,
        n1_1.description,
        n1_1.public_id,
        n1_1.status,
        n1_1.title,
        n1_1.updated_at 
    from
        novel_genre n1_0 
    join
        novel n1_1 
            on n1_1.id=n1_0.novel_id 
    where
        n1_0.genre_id=?
Hibernate: 
    select
        n1_0.id,
        n1_0.author,
        n1_0.average_rating,
        n1_0.cover_img_url,
        n1_0.created_at,
        n1_0.description,
        n1_0.public_id,
        n1_0.status,
        n1_0.title,
        n1_0.updated_at 
    from
        novel n1_0 
    where
        n1_0.id=?
Hibernate: 
    select
        g1_0.id,
        g1_0.name 
    from
        genre g1_0 
    where
        g1_0.id=?
Hibernate: 
    select
        n1_0.genre_id,
        n1_1.id,
        n1_1.author,
        n1_1.average_rating,
        n1_1.cover_img_url,
        n1_1.created_at,
        n1_1.description,
        n1_1.public_id,
        n1_1.status,
        n1_1.title,
        n1_1.updated_at 
    from
        novel_genre n1_0 
    join
        novel n1_1 
            on n1_1.id=n1_0.novel_id 
    where
        n1_0.genre_id=?
Hibernate: 
    insert 
    into
        novel_genre
        (genre_id, novel_id) 
    values
        (?, ?)
Hibernate: 
    insert 
    into
        novel_genre
        (genre_id, novel_id) 
    values
        (?, ?)
Hibernate: 
    insert 
    into
        chapter
        (chapter_number, content, created_at, novel_id, paragraphs, title, updated_at) 
    values
        (?, ?, ?, ?, ?, ?, ?)
Hibernate: 
    insert 
    into
        chapter
        (chapter_number, content, created_at, novel_id, paragraphs, title, updated_at) 
    values
        (?, ?, ?, ?, ?, ?, ?)
Hibernate: 
    insert 
    into
        novel
        (author, average_rating, cover_img_url, created_at, description, public_id, status, title, updated_at) 
    values
        (?, ?, ?, ?, ?, ?, ?, ?, ?)
Hibernate: 
    select
        g1_0.id,
        g1_0.name 
    from
        genre g1_0 
    where
        g1_0.id=?
Hibernate: 
    select
        n1_0.genre_id,
        n1_1.id,
        n1_1.author,
        n1_1.average_rating,
        n1_1.cover_img_url,
        n1_1.created_at,
        n1_1.description,
        n1_1.public_id,
        n1_1.status,
        n1_1.title,
        n1_1.updated_at 
    from
        novel_genre n1_0 
    join
        novel n1_1 
            on n1_1.id=n1_0.novel_id 
    where
        n1_0.genre_id=?
Hibernate: 
    select
        n1_0.id,
        n1_0.author,
        n1_0.average_rating,
        n1_0.cover_img_url,
        n1_0.created_at,
        n1_0.description,
        n1_0.public_id,
        n1_0.status,
        n1_0.title,
        n1_0.updated_at 
    from
        novel n1_0 
    where
        n1_0.id=?
Hibernate: 
    insert 
    into
        novel_genre
        (genre_id, novel_id) 
    values
        (?, ?)
Hibernate: 
    insert 
    into
        chapter
        (chapter_number, content, created_at, novel_id, paragraphs, title, updated_at) 
    values
        (?, ?, ?, ?, ?, ?, ?)
Hibernate: 
    insert 
    into
        paragraph_comment
        (chapter_id, content, created_at, paragraph_index, parent_comment_id, updated_at, user_id) 
    values
        (?, ?, ?, ?, ?, ?, ?)
Hibernate: 
    insert 
    into
        paragraph_comment
        (chapter_id, content, created_at, paragraph_index, parent_comment_id, updated_at, user_id) 
    values
        (?, ?, ?, ?, ?, ?, ?)
Hibernate: 
    insert 
    into
        paragraph_comment
        (chapter_id, content, created_at, paragraph_index, parent_comment_id, updated_at, user_id) 
    values
        (?, ?, ?, ?, ?, ?, ?)
Hibernate: 
    insert 
    into
        paragraph_comment
        (chapter_id, content, created_at, paragraph_index, parent_comment_id, updated_at, user_id) 
    values
        (?, ?, ?, ?, ?, ?, ?)
Hibernate: 
    insert 
    into
        paragraph_comment
        (chapter_id, content, created_at, paragraph_index, parent_comment_id, updated_at, user_id) 
    values
        (?, ?, ?, ?, ?, ?, ?)
Hibernate: 
    insert 
    into
        paragraph_comment
        (chapter_id, content, created_at, paragraph_index, parent_comment_id, updated_at, user_id) 
    values
        (?, ?, ?, ?, ?, ?, ?)
Hibernate: 
    insert 
    into
        paragraph_comment
        (chapter_id, content, created_at, paragraph_index, parent_comment_id, updated_at, user_id) 
    values
        (?, ?, ?, ?, ?, ?, ?)
Hibernate: 
    insert 
    into
        paragraph_comment
        (chapter_id, content, created_at, paragraph_index, parent_comment_id, updated_at, user_id) 
    values
        (?, ?, ?, ?, ?, ?, ?)
Hibernate: 
    insert 
    into
        paragraph_comment
        (chapter_id, content, created_at, paragraph_index, parent_comment_id, updated_at, user_id) 
    values
        (?, ?, ?, ?, ?, ?, ?)
Hibernate: 
    insert 
    into
        bookmark
        (chapter_id, created_at, paragraph_index, updated_at, user_id, id) 
    values
        (?, ?, ?, ?, ?, ?)
Hibernate: 
    insert 
    into
        bookmark
        (chapter_id, created_at, paragraph_index, updated_at, user_id, id) 
    values
        (?, ?, ?, ?, ?, ?)
Hibernate: 
    insert 
    into
        bookmark
        (chapter_id, created_at, paragraph_index, updated_at, user_id, id) 
    values
        (?, ?, ?, ?, ?, ?)
Hibernate: 
    insert 
    into
        bookmark
        (chapter_id, created_at, paragraph_index, updated_at, user_id, id) 
    values
        (?, ?, ?, ?, ?, ?)
Hibernate: 
    insert 
    into
        reading_progress
        (chapter_id, created_at, last_position, updated_at, user_id) 
    values
        (?, ?, ?, ?, ?)
Hibernate: 
    insert 
    into
        reading_progress
        (chapter_id, created_at, last_position, updated_at, user_id) 
    values
        (?, ?, ?, ?, ?)
Hibernate: 
    insert 
    into
        reading_progress
        (chapter_id, created_at, last_position, updated_at, user_id) 
    values
        (?, ?, ?, ?, ?)
Hibernate: 
    insert 
    into
        reading_progress
        (chapter_id, created_at, last_position, updated_at, user_id) 
    values
        (?, ?, ?, ?, ?)
Hibernate: 
    insert 
    into
        reading_progress
        (chapter_id, created_at, last_position, updated_at, user_id) 
    values
        (?, ?, ?, ?, ?)
Hibernate: 
    insert 
    into
        reading_progress
        (chapter_id, created_at, last_position, updated_at, user_id) 
    values
        (?, ?, ?, ?, ?)
Hibernate: 
    insert 
    into
        reading_progress
        (chapter_id, created_at, last_position, updated_at, user_id) 
    values
        (?, ?, ?, ?, ?)
Hibernate: 
    insert 
    into
        reading_setting
        (created_at, font_family, font_size, line_spacing, theme, updated_at, user_id) 
    values
        (?, ?, ?, ?, ?, ?, ?)
Hibernate: 
    insert 
    into
        reading_setting
        (created_at, font_family, font_size, line_spacing, theme, updated_at, user_id) 
    values
        (?, ?, ?, ?, ?, ?, ?)
Hibernate: 
    insert 
    into
        reading_setting
        (created_at, font_family, font_size, line_spacing, theme, updated_at, user_id) 
    values
        (?, ?, ?, ?, ?, ?, ?)
=== Sample data seeded successfully ===
  - 3 novels, 8 chapters total
  - 5 users (admin/password: admin@example.com/admin123)
  - Sample comments, bookmarks, and reading progress
  - Visit http://localhost:9000/novels/chapter/5 to test the chapter page
2026-03-28T21:46:17.533+07:00  INFO 18992 --- [SE2] [nio-9000-exec-1] o.a.c.c.C.[Tomcat].[localhost].[/]       : Initializing Spring DispatcherServlet 'dispatcherServlet'
2026-03-28T21:46:17.534+07:00  INFO 18992 --- [SE2] [nio-9000-exec-1] o.s.web.servlet.DispatcherServlet        : Initializing Servlet 'dispatcherServlet'
2026-03-28T21:46:17.535+07:00  INFO 18992 --- [SE2] [nio-9000-exec-1] o.s.web.servlet.DispatcherServlet        : Completed initialization in 1 ms
2026-03-28T21:46:17.546+07:00  WARN 18992 --- [SE2] [nio-9000-exec-1] o.s.w.s.h.HandlerMappingIntrospector     : Cache miss for REQUEST dispatch to '/novels/chapter/1' (previous null). Performing CorsConfiguration lookup. This is logged once only at WARN level, and every time at TRACE.
Hibernate: 
    select
        c1_0.id,
        c1_0.chapter_number,
        c1_0.content,
        c1_0.created_at,
        c1_0.novel_id,
        c1_0.paragraphs,
        c1_0.title,
        c1_0.updated_at 
    from
        chapter c1_0 
    where
        c1_0.id=?
Hibernate: 
    select
        c1_0.id,
        c1_0.chapter_number,
        c1_0.content,
        c1_0.created_at,
        c1_0.novel_id,
        c1_0.paragraphs,
        c1_0.title,
        c1_0.updated_at 
    from
        chapter c1_0 
    where
        c1_0.novel_id=? 
    order by
        c1_0.chapter_number
Hibernate: 
    select
        c1_0.id,
        c1_0.chapter_number,
        c1_0.content,
        c1_0.created_at,
        c1_0.novel_id,
        c1_0.paragraphs,
        c1_0.title,
        c1_0.updated_at 
    from
        chapter c1_0 
    where
        c1_0.novel_id=? 
        and c1_0.chapter_number>? 
    order by
        c1_0.chapter_number 
    fetch
        first ? rows only
Hibernate: 
    select
        c1_0.id,
        c1_0.chapter_number,
        c1_0.content,
        c1_0.created_at,
        c1_0.novel_id,
        c1_0.paragraphs,
        c1_0.title,
        c1_0.updated_at 
    from
        chapter c1_0 
    where
        c1_0.novel_id=? 
        and c1_0.chapter_number<? 
    order by
        c1_0.chapter_number desc 
    fetch
        first ? rows only
Hibernate: 
    select
        count(pc1_0.id) 
    from
        paragraph_comment pc1_0 
    where
        pc1_0.chapter_id=? 
        and pc1_0.paragraph_index=?
Hibernate: 
    select
        count(pc1_0.id) 
    from
        paragraph_comment pc1_0 
    where
        pc1_0.chapter_id=? 
        and pc1_0.paragraph_index=?
Hibernate: 
    select
        count(pc1_0.id) 
    from
        paragraph_comment pc1_0 
    where
        pc1_0.chapter_id=? 
        and pc1_0.paragraph_index=?
Hibernate: 
    select
        count(pc1_0.id) 
    from
        paragraph_comment pc1_0 
    where
        pc1_0.chapter_id=? 
        and pc1_0.paragraph_index=?
Hibernate: 
    select
        count(pc1_0.id) 
    from
        paragraph_comment pc1_0 
    where
        pc1_0.chapter_id=? 
        and pc1_0.paragraph_index=?
Hibernate: 
    select
        count(pc1_0.id) 
    from
        paragraph_comment pc1_0 
    where
        pc1_0.chapter_id=? 
        and pc1_0.paragraph_index=?
Hibernate: 
    select
        count(pc1_0.id) 
    from
        paragraph_comment pc1_0 
    where
        pc1_0.chapter_id=? 
        and pc1_0.paragraph_index=?
Hibernate: 
    select
        count(pc1_0.id) 
    from
        paragraph_comment pc1_0 
    where
        pc1_0.chapter_id=? 
        and pc1_0.paragraph_index=?
Hibernate: 
    select
        pc1_0.id,
        pc1_0.chapter_id,
        pc1_0.content,
        pc1_0.created_at,
        pc1_0.paragraph_index,
        pc1_0.parent_comment_id,
        pc1_0.updated_at,
        pc1_0.user_id 
    from
        paragraph_comment pc1_0 
    where
        pc1_0.chapter_id=? 
        and pc1_0.parent_comment_id is null 
    order by
        pc1_0.created_at desc
Hibernate: 
    select
        n1_0.id,
        n1_0.author,
        n1_0.average_rating,
        n1_0.cover_img_url,
        n1_0.created_at,
        n1_0.description,
        n1_0.public_id,
        n1_0.status,
        n1_0.title,
        n1_0.updated_at 
    from
        novel n1_0 
    where
        n1_0.id=?
Hibernate: 
    select
        u1_0.id,
        u1_0.avatar_url,
        u1_0.created_at,
        u1_0.email,
        u1_0.first_name,
        u1_0.is_deleted,
        u1_0.is_logged_in,
        u1_0.last_name,
        u1_0.password,
        u1_0.phone,
        u1_0.provider,
        u1_0.reset_password_token,
        r1_0.user_id,
        r1_1.id,
        r1_1.created_at,
        r1_1.name,
        r1_1.updated_at,
        u1_0.updated_at,
        u1_0.username 
    from
        users u1_0 
    left join
        user_role r1_0 
            on u1_0.id=r1_0.user_id 
    left join
        roles r1_1 
            on r1_1.id=r1_0.role_id 
    where
        u1_0.id=?
Hibernate: 
    select
        r1_0.parent_comment_id,
        r1_0.id,
        r1_0.chapter_id,
        r1_0.content,
        r1_0.created_at,
        r1_0.paragraph_index,
        r1_0.updated_at,
        r1_0.user_id 
    from
        paragraph_comment r1_0 
    where
        r1_0.parent_comment_id=?
Hibernate: 
    select
        u1_0.id,
        u1_0.avatar_url,
        u1_0.created_at,
        u1_0.email,
        u1_0.first_name,
        u1_0.is_deleted,
        u1_0.is_logged_in,
        u1_0.last_name,
        u1_0.password,
        u1_0.phone,
        u1_0.provider,
        u1_0.reset_password_token,
        r1_0.user_id,
        r1_1.id,
        r1_1.created_at,
        r1_1.name,
        r1_1.updated_at,
        u1_0.updated_at,
        u1_0.username 
    from
        users u1_0 
    left join
        user_role r1_0 
            on u1_0.id=r1_0.user_id 
    left join
        roles r1_1 
            on r1_1.id=r1_0.role_id 
    where
        u1_0.id=?
Hibernate: 
    select
        r1_0.parent_comment_id,
        r1_0.id,
        r1_0.chapter_id,
        r1_0.content,
        r1_0.created_at,
        r1_0.paragraph_index,
        r1_0.updated_at,
        r1_0.user_id 
    from
        paragraph_comment r1_0 
    where
        r1_0.parent_comment_id=?
Hibernate: 
    select
        c1_0.id,
        c1_0.chapter_number,
        c1_0.content,
        c1_0.created_at,
        c1_0.novel_id,
        c1_0.paragraphs,
        c1_0.title,
        c1_0.updated_at 
    from
        chapter c1_0 
    where
        c1_0.id=?
Hibernate: 
    select
        c1_0.id,
        c1_0.chapter_number,
        c1_0.content,
        c1_0.created_at,
        c1_0.novel_id,
        c1_0.paragraphs,
        c1_0.title,
        c1_0.updated_at 
    from
        chapter c1_0 
    where
        c1_0.novel_id=? 
    order by
        c1_0.chapter_number
Hibernate: 
    select
        c1_0.id,
        c1_0.chapter_number,
        c1_0.content,
        c1_0.created_at,
        c1_0.novel_id,
        c1_0.paragraphs,
        c1_0.title,
        c1_0.updated_at 
    from
        chapter c1_0 
    where
        c1_0.novel_id=? 
        and c1_0.chapter_number>? 
    order by
        c1_0.chapter_number 
    fetch
        first ? rows only
Hibernate: 
    select
        c1_0.id,
        c1_0.chapter_number,
        c1_0.content,
        c1_0.created_at,
        c1_0.novel_id,
        c1_0.paragraphs,
        c1_0.title,
        c1_0.updated_at 
    from
        chapter c1_0 
    where
        c1_0.novel_id=? 
        and c1_0.chapter_number<? 
    order by
        c1_0.chapter_number desc 
    fetch
        first ? rows only
Hibernate: 
    select
        count(pc1_0.id) 
    from
        paragraph_comment pc1_0 
    where
        pc1_0.chapter_id=? 
        and pc1_0.paragraph_index=?
Hibernate: 
    select
        count(pc1_0.id) 
    from
        paragraph_comment pc1_0 
    where
        pc1_0.chapter_id=? 
        and pc1_0.paragraph_index=?
Hibernate: 
    select
        count(pc1_0.id) 
    from
        paragraph_comment pc1_0 
    where
        pc1_0.chapter_id=? 
        and pc1_0.paragraph_index=?
Hibernate: 
    select
        count(pc1_0.id) 
    from
        paragraph_comment pc1_0 
    where
        pc1_0.chapter_id=? 
        and pc1_0.paragraph_index=?
Hibernate: 
    select
        count(pc1_0.id) 
    from
        paragraph_comment pc1_0 
    where
        pc1_0.chapter_id=? 
        and pc1_0.paragraph_index=?
Hibernate: 
    select
        count(pc1_0.id) 
    from
        paragraph_comment pc1_0 
    where
        pc1_0.chapter_id=? 
        and pc1_0.paragraph_index=?
Hibernate: 
    select
        count(pc1_0.id) 
    from
        paragraph_comment pc1_0 
    where
        pc1_0.chapter_id=? 
        and pc1_0.paragraph_index=?
Hibernate: 
    select
        count(pc1_0.id) 
    from
        paragraph_comment pc1_0 
    where
        pc1_0.chapter_id=? 
        and pc1_0.paragraph_index=?
Hibernate: 
    select
        pc1_0.id,
        pc1_0.chapter_id,
        pc1_0.content,
        pc1_0.created_at,
        pc1_0.paragraph_index,
        pc1_0.parent_comment_id,
        pc1_0.updated_at,
        pc1_0.user_id 
    from
        paragraph_comment pc1_0 
    where
        pc1_0.chapter_id=? 
        and pc1_0.parent_comment_id is null 
    order by
        pc1_0.created_at desc
Hibernate: 
    select
        n1_0.id,
        n1_0.author,
        n1_0.average_rating,
        n1_0.cover_img_url,
        n1_0.created_at,
        n1_0.description,
        n1_0.public_id,
        n1_0.status,
        n1_0.title,
        n1_0.updated_at 
    from
        novel n1_0 
    where
        n1_0.id=?
Hibernate: 
    select
        u1_0.id,
        u1_0.avatar_url,
        u1_0.created_at,
        u1_0.email,
        u1_0.first_name,
        u1_0.is_deleted,
        u1_0.is_logged_in,
        u1_0.last_name,
        u1_0.password,
        u1_0.phone,
        u1_0.provider,
        u1_0.reset_password_token,
        r1_0.user_id,
        r1_1.id,
        r1_1.created_at,
        r1_1.name,
        r1_1.updated_at,
        u1_0.updated_at,
        u1_0.username 
    from
        users u1_0 
    left join
        user_role r1_0 
            on u1_0.id=r1_0.user_id 
    left join
        roles r1_1 
            on r1_1.id=r1_0.role_id 
    where
        u1_0.id=?
Hibernate: 
    select
        r1_0.parent_comment_id,
        r1_0.id,
        r1_0.chapter_id,
        r1_0.content,
        r1_0.created_at,
        r1_0.paragraph_index,
        r1_0.updated_at,
        r1_0.user_id 
    from
        paragraph_comment r1_0 
    where
        r1_0.parent_comment_id=?
Hibernate: 
    select
        u1_0.id,
        u1_0.avatar_url,
        u1_0.created_at,
        u1_0.email,
        u1_0.first_name,
        u1_0.is_deleted,
        u1_0.is_logged_in,
        u1_0.last_name,
        u1_0.password,
        u1_0.phone,
        u1_0.provider,
        u1_0.reset_password_token,
        r1_0.user_id,
        r1_1.id,
        r1_1.created_at,
        r1_1.name,
        r1_1.updated_at,
        u1_0.updated_at,
        u1_0.username 
    from
        users u1_0 
    left join
        user_role r1_0 
            on u1_0.id=r1_0.user_id 
    left join
        roles r1_1 
            on r1_1.id=r1_0.role_id 
    where
        u1_0.id=?
Hibernate: 
    select
        r1_0.parent_comment_id,
        r1_0.id,
        r1_0.chapter_id,
        r1_0.content,
        r1_0.created_at,
        r1_0.paragraph_index,
        r1_0.updated_at,
        r1_0.user_id 
    from
        paragraph_comment r1_0 
    where
        r1_0.parent_comment_id=?
Hibernate: 
    select
        c1_0.id,
        c1_0.chapter_number,
        c1_0.content,
        c1_0.created_at,
        c1_0.novel_id,
        c1_0.paragraphs,
        c1_0.title,
        c1_0.updated_at 
    from
        chapter c1_0 
    where
        c1_0.id=?
Hibernate: 
    select
        c1_0.id,
        c1_0.chapter_number,
        c1_0.content,
        c1_0.created_at,
        c1_0.novel_id,
        c1_0.paragraphs,
        c1_0.title,
        c1_0.updated_at 
    from
        chapter c1_0 
    where
        c1_0.novel_id=? 
    order by
        c1_0.chapter_number
Hibernate: 
    select
        c1_0.id,
        c1_0.chapter_number,
        c1_0.content,
        c1_0.created_at,
        c1_0.novel_id,
        c1_0.paragraphs,
        c1_0.title,
        c1_0.updated_at 
    from
        chapter c1_0 
    where
        c1_0.novel_id=? 
        and c1_0.chapter_number>? 
    order by
        c1_0.chapter_number 
    fetch
        first ? rows only
Hibernate: 
    select
        c1_0.id,
        c1_0.chapter_number,
        c1_0.content,
        c1_0.created_at,
        c1_0.novel_id,
        c1_0.paragraphs,
        c1_0.title,
        c1_0.updated_at 
    from
        chapter c1_0 
    where
        c1_0.novel_id=? 
        and c1_0.chapter_number<? 
    order by
        c1_0.chapter_number desc 
    fetch
        first ? rows only
Hibernate: 
    select
        count(pc1_0.id) 
    from
        paragraph_comment pc1_0 
    where
        pc1_0.chapter_id=? 
        and pc1_0.paragraph_index=?
Hibernate: 
    select
        count(pc1_0.id) 
    from
        paragraph_comment pc1_0 
    where
        pc1_0.chapter_id=? 
        and pc1_0.paragraph_index=?
Hibernate: 
    select
        count(pc1_0.id) 
    from
        paragraph_comment pc1_0 
    where
        pc1_0.chapter_id=? 
        and pc1_0.paragraph_index=?
Hibernate: 
    select
        count(pc1_0.id) 
    from
        paragraph_comment pc1_0 
    where
        pc1_0.chapter_id=? 
        and pc1_0.paragraph_index=?
Hibernate: 
    select
        count(pc1_0.id) 
    from
        paragraph_comment pc1_0 
    where
        pc1_0.chapter_id=? 
        and pc1_0.paragraph_index=?
Hibernate: 
    select
        count(pc1_0.id) 
    from
        paragraph_comment pc1_0 
    where
        pc1_0.chapter_id=? 
        and pc1_0.paragraph_index=?
Hibernate: 
    select
        count(pc1_0.id) 
    from
        paragraph_comment pc1_0 
    where
        pc1_0.chapter_id=? 
        and pc1_0.paragraph_index=?
Hibernate: 
    select
        count(pc1_0.id) 
    from
        paragraph_comment pc1_0 
    where
        pc1_0.chapter_id=? 
        and pc1_0.paragraph_index=?
Hibernate: 
    select
        pc1_0.id,
        pc1_0.chapter_id,
        pc1_0.content,
        pc1_0.created_at,
        pc1_0.paragraph_index,
        pc1_0.parent_comment_id,
        pc1_0.updated_at,
        pc1_0.user_id 
    from
        paragraph_comment pc1_0 
    where
        pc1_0.chapter_id=? 
        and pc1_0.parent_comment_id is null 
    order by
        pc1_0.created_at desc
Hibernate: 
    select
        n1_0.id,
        n1_0.author,
        n1_0.average_rating,
        n1_0.cover_img_url,
        n1_0.created_at,
        n1_0.description,
        n1_0.public_id,
        n1_0.status,
        n1_0.title,
        n1_0.updated_at 
    from
        novel n1_0 
    where
        n1_0.id=?
Hibernate: 
    select
        c1_0.id,
        c1_0.chapter_number,
        c1_0.content,
        c1_0.created_at,
        c1_0.novel_id,
        c1_0.paragraphs,
        c1_0.title,
        c1_0.updated_at 
    from
        chapter c1_0 
    where
        c1_0.id=?
Hibernate: 
    select
        c1_0.id,
        c1_0.chapter_number,
        c1_0.content,
        c1_0.created_at,
        c1_0.novel_id,
        c1_0.paragraphs,
        c1_0.title,
        c1_0.updated_at 
    from
        chapter c1_0 
    where
        c1_0.novel_id=? 
    order by
        c1_0.chapter_number
Hibernate: 
    select
        c1_0.id,
        c1_0.chapter_number,
        c1_0.content,
        c1_0.created_at,
        c1_0.novel_id,
        c1_0.paragraphs,
        c1_0.title,
        c1_0.updated_at 
    from
        chapter c1_0 
    where
        c1_0.novel_id=? 
        and c1_0.chapter_number>? 
    order by
        c1_0.chapter_number 
    fetch
        first ? rows only
Hibernate: 
    select
        c1_0.id,
        c1_0.chapter_number,
        c1_0.content,
        c1_0.created_at,
        c1_0.novel_id,
        c1_0.paragraphs,
        c1_0.title,
        c1_0.updated_at 
    from
        chapter c1_0 
    where
        c1_0.novel_id=? 
        and c1_0.chapter_number<? 
    order by
        c1_0.chapter_number desc 
    fetch
        first ? rows only
Hibernate: 
    select
        count(pc1_0.id) 
    from
        paragraph_comment pc1_0 
    where
        pc1_0.chapter_id=? 
        and pc1_0.paragraph_index=?
Hibernate: 
    select
        count(pc1_0.id) 
    from
        paragraph_comment pc1_0 
    where
        pc1_0.chapter_id=? 
        and pc1_0.paragraph_index=?
Hibernate: 
    select
        count(pc1_0.id) 
    from
        paragraph_comment pc1_0 
    where
        pc1_0.chapter_id=? 
        and pc1_0.paragraph_index=?
Hibernate: 
    select
        count(pc1_0.id) 
    from
        paragraph_comment pc1_0 
    where
        pc1_0.chapter_id=? 
        and pc1_0.paragraph_index=?
Hibernate: 
    select
        count(pc1_0.id) 
    from
        paragraph_comment pc1_0 
    where
        pc1_0.chapter_id=? 
        and pc1_0.paragraph_index=?
Hibernate: 
    select
        count(pc1_0.id) 
    from
        paragraph_comment pc1_0 
    where
        pc1_0.chapter_id=? 
        and pc1_0.paragraph_index=?
Hibernate: 
    select
        count(pc1_0.id) 
    from
        paragraph_comment pc1_0 
    where
        pc1_0.chapter_id=? 
        and pc1_0.paragraph_index=?
Hibernate: 
    select
        count(pc1_0.id) 
    from
        paragraph_comment pc1_0 
    where
        pc1_0.chapter_id=? 
        and pc1_0.paragraph_index=?
Hibernate: 
    select
        count(pc1_0.id) 
    from
        paragraph_comment pc1_0 
    where
        pc1_0.chapter_id=? 
        and pc1_0.paragraph_index=?
Hibernate: 
    select
        count(pc1_0.id) 
    from
        paragraph_comment pc1_0 
    where
        pc1_0.chapter_id=? 
        and pc1_0.paragraph_index=?
Hibernate: 
    select
        pc1_0.id,
        pc1_0.chapter_id,
        pc1_0.content,
        pc1_0.created_at,
        pc1_0.paragraph_index,
        pc1_0.parent_comment_id,
        pc1_0.updated_at,
        pc1_0.user_id 
    from
        paragraph_comment pc1_0 
    where
        pc1_0.chapter_id=? 
        and pc1_0.parent_comment_id is null 
    order by
        pc1_0.created_at desc
Hibernate: 
    select
        n1_0.id,
        n1_0.author,
        n1_0.average_rating,
        n1_0.cover_img_url,
        n1_0.created_at,
        n1_0.description,
        n1_0.public_id,
        n1_0.status,
        n1_0.title,
        n1_0.updated_at 
    from
        novel n1_0 
    where
        n1_0.id=?
Hibernate: 
    select
        c1_0.id,
        c1_0.chapter_number,
        c1_0.content,
        c1_0.created_at,
        c1_0.novel_id,
        c1_0.paragraphs,
        c1_0.title,
        c1_0.updated_at 
    from
        chapter c1_0 
    where
        c1_0.id=?
Hibernate: 
    select
        c1_0.id,
        c1_0.chapter_number,
        c1_0.content,
        c1_0.created_at,
        c1_0.novel_id,
        c1_0.paragraphs,
        c1_0.title,
        c1_0.updated_at 
    from
        chapter c1_0 
    where
        c1_0.novel_id=? 
    order by
        c1_0.chapter_number
Hibernate: 
    select
        c1_0.id,
        c1_0.chapter_number,
        c1_0.content,
        c1_0.created_at,
        c1_0.novel_id,
        c1_0.paragraphs,
        c1_0.title,
        c1_0.updated_at 
    from
        chapter c1_0 
    where
        c1_0.novel_id=? 
        and c1_0.chapter_number>? 
    order by
        c1_0.chapter_number 
    fetch
        first ? rows only
Hibernate: 
    select
        c1_0.id,
        c1_0.chapter_number,
        c1_0.content,
        c1_0.created_at,
        c1_0.novel_id,
        c1_0.paragraphs,
        c1_0.title,
        c1_0.updated_at 
    from
        chapter c1_0 
    where
        c1_0.novel_id=? 
        and c1_0.chapter_number<? 
    order by
        c1_0.chapter_number desc 
    fetch
        first ? rows only
Hibernate: 
    select
        count(pc1_0.id) 
    from
        paragraph_comment pc1_0 
    where
        pc1_0.chapter_id=? 
        and pc1_0.paragraph_index=?
Hibernate: 
    select
        count(pc1_0.id) 
    from
        paragraph_comment pc1_0 
    where
        pc1_0.chapter_id=? 
        and pc1_0.paragraph_index=?
Hibernate: 
    select
        count(pc1_0.id) 
    from
        paragraph_comment pc1_0 
    where
        pc1_0.chapter_id=? 
        and pc1_0.paragraph_index=?
Hibernate: 
    select
        count(pc1_0.id) 
    from
        paragraph_comment pc1_0 
    where
        pc1_0.chapter_id=? 
        and pc1_0.paragraph_index=?
Hibernate: 
    select
        count(pc1_0.id) 
    from
        paragraph_comment pc1_0 
    where
        pc1_0.chapter_id=? 
        and pc1_0.paragraph_index=?
Hibernate: 
    select
        count(pc1_0.id) 
    from
        paragraph_comment pc1_0 
    where
        pc1_0.chapter_id=? 
        and pc1_0.paragraph_index=?
Hibernate: 
    select
        count(pc1_0.id) 
    from
        paragraph_comment pc1_0 
    where
        pc1_0.chapter_id=? 
        and pc1_0.paragraph_index=?
Hibernate: 
    select
        count(pc1_0.id) 
    from
        paragraph_comment pc1_0 
    where
        pc1_0.chapter_id=? 
        and pc1_0.paragraph_index=?
Hibernate: 
    select
        count(pc1_0.id) 
    from
        paragraph_comment pc1_0 
    where
        pc1_0.chapter_id=? 
        and pc1_0.paragraph_index=?
Hibernate: 
    select
        count(pc1_0.id) 
    from
        paragraph_comment pc1_0 
    where
        pc1_0.chapter_id=? 
        and pc1_0.paragraph_index=?
Hibernate: 
    select
        pc1_0.id,
        pc1_0.chapter_id,
        pc1_0.content,
        pc1_0.created_at,
        pc1_0.paragraph_index,
        pc1_0.parent_comment_id,
        pc1_0.updated_at,
        pc1_0.user_id 
    from
        paragraph_comment pc1_0 
    where
        pc1_0.chapter_id=? 
        and pc1_0.parent_comment_id is null 
    order by
        pc1_0.created_at desc
Hibernate: 
    select
        n1_0.id,
        n1_0.author,
        n1_0.average_rating,
        n1_0.cover_img_url,
        n1_0.created_at,
        n1_0.description,
        n1_0.public_id,
        n1_0.status,
        n1_0.title,
        n1_0.updated_at 
    from
        novel n1_0 
    where
        n1_0.id=?
Hibernate: 
    select
        c1_0.id,
        c1_0.chapter_number,
        c1_0.content,
        c1_0.created_at,
        c1_0.novel_id,
        c1_0.paragraphs,
        c1_0.title,
        c1_0.updated_at 
    from
        chapter c1_0 
    where
        c1_0.id=?
Hibernate: 
    select
        c1_0.id,
        c1_0.chapter_number,
        c1_0.content,
        c1_0.created_at,
        c1_0.novel_id,
        c1_0.paragraphs,
        c1_0.title,
        c1_0.updated_at 
    from
        chapter c1_0 
    where
        c1_0.novel_id=? 
    order by
        c1_0.chapter_number
Hibernate: 
    select
        c1_0.id,
        c1_0.chapter_number,
        c1_0.content,
        c1_0.created_at,
        c1_0.novel_id,
        c1_0.paragraphs,
        c1_0.title,
        c1_0.updated_at 
    from
        chapter c1_0 
    where
        c1_0.novel_id=? 
        and c1_0.chapter_number>? 
    order by
        c1_0.chapter_number 
    fetch
        first ? rows only
Hibernate: 
    select
        c1_0.id,
        c1_0.chapter_number,
        c1_0.content,
        c1_0.created_at,
        c1_0.novel_id,
        c1_0.paragraphs,
        c1_0.title,
        c1_0.updated_at 
    from
        chapter c1_0 
    where
        c1_0.novel_id=? 
        and c1_0.chapter_number<? 
    order by
        c1_0.chapter_number desc 
    fetch
        first ? rows only
Hibernate: 
    select
        count(pc1_0.id) 
    from
        paragraph_comment pc1_0 
    where
        pc1_0.chapter_id=? 
        and pc1_0.paragraph_index=?
Hibernate: 
    select
        count(pc1_0.id) 
    from
        paragraph_comment pc1_0 
    where
        pc1_0.chapter_id=? 
        and pc1_0.paragraph_index=?
Hibernate: 
    select
        count(pc1_0.id) 
    from
        paragraph_comment pc1_0 
    where
        pc1_0.chapter_id=? 
        and pc1_0.paragraph_index=?
Hibernate: 
    select
        count(pc1_0.id) 
    from
        paragraph_comment pc1_0 
    where
        pc1_0.chapter_id=? 
        and pc1_0.paragraph_index=?
Hibernate: 
    select
        count(pc1_0.id) 
    from
        paragraph_comment pc1_0 
    where
        pc1_0.chapter_id=? 
        and pc1_0.paragraph_index=?
Hibernate: 
    select
        count(pc1_0.id) 
    from
        paragraph_comment pc1_0 
    where
        pc1_0.chapter_id=? 
        and pc1_0.paragraph_index=?
Hibernate: 
    select
        count(pc1_0.id) 
    from
        paragraph_comment pc1_0 
    where
        pc1_0.chapter_id=? 
        and pc1_0.paragraph_index=?
Hibernate: 
    select
        count(pc1_0.id) 
    from
        paragraph_comment pc1_0 
    where
        pc1_0.chapter_id=? 
        and pc1_0.paragraph_index=?
Hibernate: 
    select
        count(pc1_0.id) 
    from
        paragraph_comment pc1_0 
    where
        pc1_0.chapter_id=? 
        and pc1_0.paragraph_index=?
Hibernate: 
    select
        count(pc1_0.id) 
    from
        paragraph_comment pc1_0 
    where
        pc1_0.chapter_id=? 
        and pc1_0.paragraph_index=?
Hibernate: 
    select
        pc1_0.id,
        pc1_0.chapter_id,
        pc1_0.content,
        pc1_0.created_at,
        pc1_0.paragraph_index,
        pc1_0.parent_comment_id,
        pc1_0.updated_at,
        pc1_0.user_id 
    from
        paragraph_comment pc1_0 
    where
        pc1_0.chapter_id=? 
        and pc1_0.parent_comment_id is null 
    order by
        pc1_0.created_at desc
Hibernate: 
    select
        n1_0.id,
        n1_0.author,
        n1_0.average_rating,
        n1_0.cover_img_url,
        n1_0.created_at,
        n1_0.description,
        n1_0.public_id,
        n1_0.status,
        n1_0.title,
        n1_0.updated_at 
    from
        novel n1_0 
    where
        n1_0.id=?
Hibernate: 
    select
        c1_0.id,
        c1_0.chapter_number,
        c1_0.content,
        c1_0.created_at,
        c1_0.novel_id,
        c1_0.paragraphs,
        c1_0.title,
        c1_0.updated_at 
    from
        chapter c1_0 
    where
        c1_0.id=?
Hibernate: 
    select
        c1_0.id,
        c1_0.chapter_number,
        c1_0.content,
        c1_0.created_at,
        c1_0.novel_id,
        c1_0.paragraphs,
        c1_0.title,
        c1_0.updated_at 
    from
        chapter c1_0 
    where
        c1_0.novel_id=? 
    order by
        c1_0.chapter_number
Hibernate: 
    select
        c1_0.id,
        c1_0.chapter_number,
        c1_0.content,
        c1_0.created_at,
        c1_0.novel_id,
        c1_0.paragraphs,
        c1_0.title,
        c1_0.updated_at 
    from
        chapter c1_0 
    where
        c1_0.novel_id=? 
        and c1_0.chapter_number>? 
    order by
        c1_0.chapter_number 
    fetch
        first ? rows only
Hibernate: 
    select
        c1_0.id,
        c1_0.chapter_number,
        c1_0.content,
        c1_0.created_at,
        c1_0.novel_id,
        c1_0.paragraphs,
        c1_0.title,
        c1_0.updated_at 
    from
        chapter c1_0 
    where
        c1_0.novel_id=? 
        and c1_0.chapter_number<? 
    order by
        c1_0.chapter_number desc 
    fetch
        first ? rows only
Hibernate: 
    select
        count(pc1_0.id) 
    from
        paragraph_comment pc1_0 
    where
        pc1_0.chapter_id=? 
        and pc1_0.paragraph_index=?
Hibernate: 
    select
        count(pc1_0.id) 
    from
        paragraph_comment pc1_0 
    where
        pc1_0.chapter_id=? 
        and pc1_0.paragraph_index=?
Hibernate: 
    select
        count(pc1_0.id) 
    from
        paragraph_comment pc1_0 
    where
        pc1_0.chapter_id=? 
        and pc1_0.paragraph_index=?
Hibernate: 
    select
        count(pc1_0.id) 
    from
        paragraph_comment pc1_0 
    where
        pc1_0.chapter_id=? 
        and pc1_0.paragraph_index=?
Hibernate: 
    select
        count(pc1_0.id) 
    from
        paragraph_comment pc1_0 
    where
        pc1_0.chapter_id=? 
        and pc1_0.paragraph_index=?
Hibernate: 
    select
        count(pc1_0.id) 
    from
        paragraph_comment pc1_0 
    where
        pc1_0.chapter_id=? 
        and pc1_0.paragraph_index=?
Hibernate: 
    select
        count(pc1_0.id) 
    from
        paragraph_comment pc1_0 
    where
        pc1_0.chapter_id=? 
        and pc1_0.paragraph_index=?
Hibernate: 
    select
        count(pc1_0.id) 
    from
        paragraph_comment pc1_0 
    where
        pc1_0.chapter_id=? 
        and pc1_0.paragraph_index=?
Hibernate: 
    select
        count(pc1_0.id) 
    from
        paragraph_comment pc1_0 
    where
        pc1_0.chapter_id=? 
        and pc1_0.paragraph_index=?
Hibernate: 
    select
        count(pc1_0.id) 
    from
        paragraph_comment pc1_0 
    where
        pc1_0.chapter_id=? 
        and pc1_0.paragraph_index=?
Hibernate: 
    select
        pc1_0.id,
        pc1_0.chapter_id,
        pc1_0.content,
        pc1_0.created_at,
        pc1_0.paragraph_index,
        pc1_0.parent_comment_id,
        pc1_0.updated_at,
        pc1_0.user_id 
    from
        paragraph_comment pc1_0 
    where
        pc1_0.chapter_id=? 
        and pc1_0.parent_comment_id is null 
    order by
        pc1_0.created_at desc
Hibernate: 
    select
        n1_0.id,
        n1_0.author,
        n1_0.average_rating,
        n1_0.cover_img_url,
        n1_0.created_at,
        n1_0.description,
        n1_0.public_id,
        n1_0.status,
        n1_0.title,
        n1_0.updated_at 
    from
        novel n1_0 
    where
        n1_0.id=?
Hibernate: 
    select
        c1_0.id,
        c1_0.chapter_number,
        c1_0.content,
        c1_0.created_at,
        c1_0.novel_id,
        c1_0.paragraphs,
        c1_0.title,
        c1_0.updated_at 
    from
        chapter c1_0 
    where
        c1_0.id=?
Hibernate: 
    select
        c1_0.id,
        c1_0.chapter_number,
        c1_0.content,
        c1_0.created_at,
        c1_0.novel_id,
        c1_0.paragraphs,
        c1_0.title,
        c1_0.updated_at 
    from
        chapter c1_0 
    where
        c1_0.novel_id=? 
    order by
        c1_0.chapter_number
Hibernate: 
    select
        c1_0.id,
        c1_0.chapter_number,
        c1_0.content,
        c1_0.created_at,
        c1_0.novel_id,
        c1_0.paragraphs,
        c1_0.title,
        c1_0.updated_at 
    from
        chapter c1_0 
    where
        c1_0.novel_id=? 
        and c1_0.chapter_number>? 
    order by
        c1_0.chapter_number 
    fetch
        first ? rows only
Hibernate: 
    select
        c1_0.id,
        c1_0.chapter_number,
        c1_0.content,
        c1_0.created_at,
        c1_0.novel_id,
        c1_0.paragraphs,
        c1_0.title,
        c1_0.updated_at 
    from
        chapter c1_0 
    where
        c1_0.novel_id=? 
        and c1_0.chapter_number<? 
    order by
        c1_0.chapter_number desc 
    fetch
        first ? rows only
Hibernate: 
    select
        count(pc1_0.id) 
    from
        paragraph_comment pc1_0 
    where
        pc1_0.chapter_id=? 
        and pc1_0.paragraph_index=?
Hibernate: 
    select
        count(pc1_0.id) 
    from
        paragraph_comment pc1_0 
    where
        pc1_0.chapter_id=? 
        and pc1_0.paragraph_index=?
Hibernate: 
    select
        count(pc1_0.id) 
    from
        paragraph_comment pc1_0 
    where
        pc1_0.chapter_id=? 
        and pc1_0.paragraph_index=?
Hibernate: 
    select
        count(pc1_0.id) 
    from
        paragraph_comment pc1_0 
    where
        pc1_0.chapter_id=? 
        and pc1_0.paragraph_index=?
Hibernate: 
    select
        count(pc1_0.id) 
    from
        paragraph_comment pc1_0 
    where
        pc1_0.chapter_id=? 
        and pc1_0.paragraph_index=?
Hibernate: 
    select
        count(pc1_0.id) 
    from
        paragraph_comment pc1_0 
    where
        pc1_0.chapter_id=? 
        and pc1_0.paragraph_index=?
Hibernate: 
    select
        count(pc1_0.id) 
    from
        paragraph_comment pc1_0 
    where
        pc1_0.chapter_id=? 
        and pc1_0.paragraph_index=?
Hibernate: 
    select
        count(pc1_0.id) 
    from
        paragraph_comment pc1_0 
    where
        pc1_0.chapter_id=? 
        and pc1_0.paragraph_index=?
Hibernate: 
    select
        count(pc1_0.id) 
    from
        paragraph_comment pc1_0 
    where
        pc1_0.chapter_id=? 
        and pc1_0.paragraph_index=?
Hibernate: 
    select
        pc1_0.id,
        pc1_0.chapter_id,
        pc1_0.content,
        pc1_0.created_at,
        pc1_0.paragraph_index,
        pc1_0.parent_comment_id,
        pc1_0.updated_at,
        pc1_0.user_id 
    from
        paragraph_comment pc1_0 
    where
        pc1_0.chapter_id=? 
        and pc1_0.parent_comment_id is null 
    order by
        pc1_0.created_at desc
Hibernate: 
    select
        n1_0.id,
        n1_0.author,
        n1_0.average_rating,
        n1_0.cover_img_url,
        n1_0.created_at,
        n1_0.description,
        n1_0.public_id,
        n1_0.status,
        n1_0.title,
        n1_0.updated_at 
    from
        novel n1_0 
    where
        n1_0.id=?
Hibernate: 
    select
        u1_0.id,
        u1_0.avatar_url,
        u1_0.created_at,
        u1_0.email,
        u1_0.first_name,
        u1_0.is_deleted,
        u1_0.is_logged_in,
        u1_0.last_name,
        u1_0.password,
        u1_0.phone,
        u1_0.provider,
        u1_0.reset_password_token,
        r1_0.user_id,
        r1_1.id,
        r1_1.created_at,
        r1_1.name,
        r1_1.updated_at,
        u1_0.updated_at,
        u1_0.username 
    from
        users u1_0 
    left join
        user_role r1_0 
            on u1_0.id=r1_0.user_id 
    left join
        roles r1_1 
            on r1_1.id=r1_0.role_id 
    where
        u1_0.id=?
Hibernate: 
    select
        r1_0.parent_comment_id,
        r1_0.id,
        r1_0.chapter_id,
        r1_0.content,
        r1_0.created_at,
        r1_0.paragraph_index,
        r1_0.updated_at,
        r1_0.user_id 
    from
        paragraph_comment r1_0 
    where
        r1_0.parent_comment_id=?
Hibernate: 
    select
        u1_0.id,
        u1_0.avatar_url,
        u1_0.created_at,
        u1_0.email,
        u1_0.first_name,
        u1_0.is_deleted,
        u1_0.is_logged_in,
        u1_0.last_name,
        u1_0.password,
        u1_0.phone,
        u1_0.provider,
        u1_0.reset_password_token,
        r1_0.user_id,
        r1_1.id,
        r1_1.created_at,
        r1_1.name,
        r1_1.updated_at,
        u1_0.updated_at,
        u1_0.username 
    from
        users u1_0 
    left join
        user_role r1_0 
            on u1_0.id=r1_0.user_id 
    left join
        roles r1_1 
            on r1_1.id=r1_0.role_id 
    where
        u1_0.id=?
Hibernate: 
    select
        r1_0.parent_comment_id,
        r1_0.id,
        r1_0.chapter_id,
        r1_0.content,
        r1_0.created_at,
        r1_0.paragraph_index,
        r1_0.updated_at,
        r1_0.user_id 
    from
        paragraph_comment r1_0 
    where
        r1_0.parent_comment_id=?
Hibernate: 
    select
        u1_0.id,
        u1_0.avatar_url,
        u1_0.created_at,
        u1_0.email,
        u1_0.first_name,
        u1_0.is_deleted,
        u1_0.is_logged_in,
        u1_0.last_name,
        u1_0.password,
        u1_0.phone,
        u1_0.provider,
        u1_0.reset_password_token,
        r1_0.user_id,
        r1_1.id,
        r1_1.created_at,
        r1_1.name,
        r1_1.updated_at,
        u1_0.updated_at,
        u1_0.username 
    from
        users u1_0 
    left join
        user_role r1_0 
            on u1_0.id=r1_0.user_id 
    left join
        roles r1_1 
            on r1_1.id=r1_0.role_id 
    where
        u1_0.id=?
Hibernate: 
    select
        r1_0.parent_comment_id,
        r1_0.id,
        r1_0.chapter_id,
        r1_0.content,
        r1_0.created_at,
        r1_0.paragraph_index,
        r1_0.updated_at,
        r1_0.user_id 
    from
        paragraph_comment r1_0 
    where
        r1_0.parent_comment_id=?
Hibernate: 
    select
        u1_0.id,
        u1_0.avatar_url,
        u1_0.created_at,
        u1_0.email,
        u1_0.first_name,
        u1_0.is_deleted,
        u1_0.is_logged_in,
        u1_0.last_name,
        u1_0.password,
        u1_0.phone,
        u1_0.provider,
        u1_0.reset_password_token,
        r1_0.user_id,
        r1_1.id,
        r1_1.created_at,
        r1_1.name,
        r1_1.updated_at,
        u1_0.updated_at,
        u1_0.username 
    from
        users u1_0 
    left join
        user_role r1_0 
            on u1_0.id=r1_0.user_id 
    left join
        roles r1_1 
            on r1_1.id=r1_0.role_id 
    where
        u1_0.id=?
Hibernate: 
    select
        r1_0.parent_comment_id,
        r1_0.id,
        r1_0.chapter_id,
        r1_0.content,
        r1_0.created_at,
        r1_0.paragraph_index,
        r1_0.updated_at,
        r1_0.user_id 
    from
        paragraph_comment r1_0 
    where
        r1_0.parent_comment_id=?
2026-03-28T21:53:52.797+07:00  INFO 18992 --- [SE2] [   File Watcher] rtingClassPathChangeChangedEventListener : Restarting due to 44 class path changes (0 additions, 42 deletions, 2 modifications)
2026-03-28T21:53:52.804+07:00  INFO 18992 --- [SE2] [       Thread-1] o.s.boot.tomcat.GracefulShutdown         : Commencing graceful shutdown. Waiting for active requests to complete
2026-03-28T21:53:52.820+07:00  INFO 18992 --- [SE2] [tomcat-shutdown] o.s.boot.tomcat.GracefulShutdown         : Graceful shutdown complete
2026-03-28T21:53:52.828+07:00  INFO 18992 --- [SE2] [       Thread-1] j.LocalContainerEntityManagerFactoryBean : Closing JPA EntityManagerFactory for persistence unit 'default'
2026-03-28T21:53:52.833+07:00  INFO 18992 --- [SE2] [       Thread-1] com.zaxxer.hikari.HikariDataSource       : HikariPool-1 - Shutdown initiated...
2026-03-28T21:53:52.839+07:00  INFO 18992 --- [SE2] [       Thread-1] com.zaxxer.hikari.HikariDataSource       : HikariPool-1 - Shutdown completed.

  .   ____          _            __ _ _
 /\\ / ___'_ __ _ _(_)_ __  __ _ \ \ \ \
( ( )\___ | '_ | '_| | '_ \/ _` | \ \ \ \
 \\/  ___)| |_)| | | | | || (_| |  ) ) ) )
  '  |____| .__|_| |_|_| |_\__, | / / / /
 =========|_|==============|___/=/_/_/_/

 :: Spring Boot ::                (v4.0.1)

2026-03-28T21:53:52.955+07:00  INFO 18992 --- [SE2] [  restartedMain] com.example.SE2.Se2Application           : Starting Se2Application using Java 21.0.8 with PID 18992 (C:\Users\duong\Desktop\SE2\SE2_Thymleaf\SE2\target\classes started by duong in C:\Users\duong\Desktop\SE2\SE2_Thymleaf\SE2)
2026-03-28T21:53:52.955+07:00  INFO 18992 --- [SE2] [  restartedMain] com.example.SE2.Se2Application           : No active profile set, falling back to 1 default profile: "default"
2026-03-28T21:53:52.962+07:00  WARN 18992 --- [SE2] [  restartedMain] o.s.core.annotation.MergedAnnotation     : Failed to introspect meta-annotation @EnableConfigurationProperties on class com.example.SE2.Se2Application: java.lang.TypeNotPresentException: Type com.example.SE2.configs.StorageProperties not present
2026-03-28T21:53:52.967+07:00  WARN 18992 --- [SE2] [  restartedMain] ConfigServletWebServerApplicationContext : Exception encountered during context initialization - cancelling refresh attempt: org.springframework.beans.factory.BeanDefinitionStoreException: I/O failure while processing configuration class [null]
2026-03-28T21:53:52.985+07:00 ERROR 18992 --- [SE2] [  restartedMain] o.s.boot.SpringApplication               : Application run failed

org.springframework.beans.factory.BeanDefinitionStoreException: I/O failure while processing configuration class [null]
	at org.springframework.context.annotation.ConfigurationClassParser.processConfigurationClass(ConfigurationClassParser.java:288) ~[spring-context-7.0.2.jar:7.0.2]
	at org.springframework.context.annotation.ConfigurationClassParser.parse(ConfigurationClassParser.java:206) ~[spring-context-7.0.2.jar:7.0.2]
	at org.springframework.context.annotation.ConfigurationClassParser.parse(ConfigurationClassParser.java:174) ~[spring-context-7.0.2.jar:7.0.2]
	at org.springframework.context.annotation.ConfigurationClassPostProcessor.processConfigBeanDefinitions(ConfigurationClassPostProcessor.java:446) ~[spring-context-7.0.2.jar:7.0.2]
	at org.springframework.context.annotation.ConfigurationClassPostProcessor.postProcessBeanDefinitionRegistry(ConfigurationClassPostProcessor.java:310) ~[spring-context-7.0.2.jar:7.0.2]
	at org.springframework.context.support.PostProcessorRegistrationDelegate.invokeBeanDefinitionRegistryPostProcessors(PostProcessorRegistrationDelegate.java:349) ~[spring-context-7.0.2.jar:7.0.2]
	at org.springframework.context.support.PostProcessorRegistrationDelegate.invokeBeanFactoryPostProcessors(PostProcessorRegistrationDelegate.java:118) ~[spring-context-7.0.2.jar:7.0.2]
	at org.springframework.context.support.AbstractApplicationContext.invokeBeanFactoryPostProcessors(AbstractApplicationContext.java:794) ~[spring-context-7.0.2.jar:7.0.2]
	at org.springframework.context.support.AbstractApplicationContext.refresh(AbstractApplicationContext.java:602) ~[spring-context-7.0.2.jar:7.0.2]
	at org.springframework.boot.web.server.servlet.context.ServletWebServerApplicationContext.refresh(ServletWebServerApplicationContext.java:143) ~[spring-boot-web-server-4.0.1.jar:4.0.1]
	at org.springframework.boot.SpringApplication.refresh(SpringApplication.java:756) ~[spring-boot-4.0.1.jar:4.0.1]
	at org.springframework.boot.SpringApplication.refreshContext(SpringApplication.java:445) ~[spring-boot-4.0.1.jar:4.0.1]
	at org.springframework.boot.SpringApplication.run(SpringApplication.java:321) ~[spring-boot-4.0.1.jar:4.0.1]
	at org.springframework.boot.SpringApplication.run(SpringApplication.java:1365) ~[spring-boot-4.0.1.jar:4.0.1]
	at org.springframework.boot.SpringApplication.run(SpringApplication.java:1354) ~[spring-boot-4.0.1.jar:4.0.1]
	at com.example.SE2.Se2Application.main(Se2Application.java:27) ~[classes/:na]
	at java.base/jdk.internal.reflect.DirectMethodHandleAccessor.invoke(DirectMethodHandleAccessor.java:103) ~[na:na]
	at java.base/java.lang.reflect.Method.invoke(Method.java:580) ~[na:na]
	at org.springframework.boot.devtools.restart.RestartLauncher.run(RestartLauncher.java:52) ~[spring-boot-devtools-4.0.1.jar:4.0.1]
Caused by: java.io.FileNotFoundException: class path resource [com/example/SE2/Se2Application.class] cannot be opened because it does not exist
	at org.springframework.core.io.ClassPathResource.getInputStream(ClassPathResource.java:212) ~[spring-core-7.0.2.jar:7.0.2]
	at org.springframework.core.type.classreading.SimpleMetadataReader.getClassReader(SimpleMetadataReader.java:54) ~[spring-core-7.0.2.jar:7.0.2]
	at org.springframework.core.type.classreading.SimpleMetadataReader.<init>(SimpleMetadataReader.java:48) ~[spring-core-7.0.2.jar:7.0.2]
	at org.springframework.core.type.classreading.SimpleMetadataReaderFactory.getMetadataReader(SimpleMetadataReaderFactory.java:62) ~[spring-core-7.0.2.jar:7.0.2]
	at org.springframework.core.type.classreading.CachingMetadataReaderFactory.getMetadataReader(CachingMetadataReaderFactory.java:127) ~[spring-core-7.0.2.jar:7.0.2]
	at org.springframework.core.type.classreading.AbstractMetadataReaderFactory.getMetadataReader(AbstractMetadataReaderFactory.java:62) ~[spring-core-7.0.2.jar:7.0.2]
	at org.springframework.core.type.classreading.CachingMetadataReaderFactory.getMetadataReader(CachingMetadataReaderFactory.java:40) ~[spring-core-7.0.2.jar:7.0.2]
	at org.springframework.context.annotation.ConfigurationClassParser.asSourceClass(ConfigurationClassParser.java:728) ~[spring-context-7.0.2.jar:7.0.2]
	at org.springframework.context.annotation.ConfigurationClassParser.asSourceClass(ConfigurationClassParser.java:694) ~[spring-context-7.0.2.jar:7.0.2]
	at org.springframework.context.annotation.ConfigurationClassParser.asSourceClass(ConfigurationClassParser.java:672) ~[spring-context-7.0.2.jar:7.0.2]
	at org.springframework.context.annotation.ConfigurationClassParser.processConfigurationClass(ConfigurationClassParser.java:281) ~[spring-context-7.0.2.jar:7.0.2]
	... 18 common frames omitted


  .   ____          _            __ _ _
 /\\ / ___'_ __ _ _(_)_ __  __ _ \ \ \ \
( ( )\___ | '_ | '_| | '_ \/ _` | \ \ \ \
 \\/  ___)| |_)| | | | | || (_| |  ) ) ) )
  '  |____| .__|_| |_|_| |_\__, | / / / /
 =========|_|==============|___/=/_/_/_/

 :: Spring Boot ::                (v4.0.1)

2026-03-28T21:53:55.345+07:00  INFO 18992 --- [SE2] [  restartedMain] com.example.SE2.Se2Application           : Starting Se2Application using Java 21.0.8 with PID 18992 (C:\Users\duong\Desktop\SE2\SE2_Thymleaf\SE2\target\classes started by duong in C:\Users\duong\Desktop\SE2\SE2_Thymleaf\SE2)
2026-03-28T21:53:55.345+07:00  INFO 18992 --- [SE2] [  restartedMain] com.example.SE2.Se2Application           : No active profile set, falling back to 1 default profile: "default"
2026-03-28T21:53:55.604+07:00  INFO 18992 --- [SE2] [  restartedMain] .s.d.r.c.RepositoryConfigurationDelegate : Bootstrapping Spring Data JPA repositories in DEFAULT mode.
2026-03-28T21:53:55.652+07:00  INFO 18992 --- [SE2] [  restartedMain] .s.d.r.c.RepositoryConfigurationDelegate : Finished Spring Data repository scanning in 46 ms. Found 16 JPA repository interfaces.
2026-03-28T21:53:55.847+07:00  INFO 18992 --- [SE2] [  restartedMain] o.s.boot.tomcat.TomcatWebServer          : Tomcat initialized with port 9000 (http)
2026-03-28T21:53:55.849+07:00  INFO 18992 --- [SE2] [  restartedMain] o.apache.catalina.core.StandardService   : Starting service [Tomcat]
2026-03-28T21:53:55.849+07:00  INFO 18992 --- [SE2] [  restartedMain] o.apache.catalina.core.StandardEngine    : Starting Servlet engine: [Apache Tomcat/11.0.15]
2026-03-28T21:53:55.877+07:00  INFO 18992 --- [SE2] [  restartedMain] b.w.c.s.WebApplicationContextInitializer : Root WebApplicationContext: initialization completed in 530 ms
2026-03-28T21:53:55.950+07:00  INFO 18992 --- [SE2] [  restartedMain] org.hibernate.orm.jpa                    : HHH008540: Processing PersistenceUnitInfo [name: default]
2026-03-28T21:53:55.976+07:00  INFO 18992 --- [SE2] [  restartedMain] com.zaxxer.hikari.HikariDataSource       : HikariPool-2 - Starting...
2026-03-28T21:53:56.006+07:00  INFO 18992 --- [SE2] [  restartedMain] com.zaxxer.hikari.pool.HikariPool        : HikariPool-2 - Added connection org.postgresql.jdbc.PgConnection@176193fe
2026-03-28T21:53:56.006+07:00  INFO 18992 --- [SE2] [  restartedMain] com.zaxxer.hikari.HikariDataSource       : HikariPool-2 - Start completed.
2026-03-28T21:53:56.019+07:00  INFO 18992 --- [SE2] [  restartedMain] org.hibernate.orm.connections.pooling    : HHH10001005: Database info:
	Database JDBC URL [jdbc:postgresql://localhost:5432/se2-new]
	Database driver: PostgreSQL JDBC Driver
	Database dialect: PostgreSQLDialect
	Database version: 18.3
	Default catalog/schema: se2-new/public
	Autocommit mode: undefined/unknown
	Isolation level: READ_COMMITTED [default READ_COMMITTED]
	JDBC fetch size: none
	Pool: DataSourceConnectionProvider
	Minimum pool size: undefined/unknown
	Maximum pool size: undefined/unknown
2026-03-28T21:53:56.025+07:00  INFO 18992 --- [SE2] [  restartedMain] o.s.o.j.p.SpringPersistenceUnitInfo      : No LoadTimeWeaver setup: ignoring JPA class transformer
2026-03-28T21:53:56.214+07:00  INFO 18992 --- [SE2] [  restartedMain] org.hibernate.orm.core                   : HHH000489: No JTA platform available (set 'hibernate.transaction.jta.platform' to enable JTA platform integration)
2026-03-28T21:53:56.286+07:00  INFO 18992 --- [SE2] [  restartedMain] j.LocalContainerEntityManagerFactoryBean : Initialized JPA EntityManagerFactory for persistence unit 'default'
2026-03-28T21:53:56.609+07:00  WARN 18992 --- [SE2] [  restartedMain] JpaBaseConfiguration$JpaWebConfiguration : spring.jpa.open-in-view is enabled by default. Therefore, database queries may be performed during view rendering. Explicitly configure spring.jpa.open-in-view to disable this warning
2026-03-28T21:53:56.661+07:00  INFO 18992 --- [SE2] [  restartedMain] r$InitializeUserDetailsManagerConfigurer : Global AuthenticationManager configured with UserDetailsService bean with name userDetailServiceImpl
2026-03-28T21:53:57.081+07:00  INFO 18992 --- [SE2] [  restartedMain] o.s.boot.tomcat.TomcatWebServer          : Tomcat started on port 9000 (http) with context path '/'
2026-03-28T21:53:57.083+07:00  INFO 18992 --- [SE2] [  restartedMain] com.example.SE2.Se2Application           : Started Se2Application in 1.759 seconds (process running for 494.144)
Hibernate: 
    select
        count(*) 
    from
        novel n1_0
Hibernate: 
    select
        r1_0.id,
        r1_0.created_at,
        r1_0.name,
        r1_0.updated_at 
    from
        roles r1_0 
    where
        r1_0.name=?
Hibernate: 
    select
        r1_0.id,
        r1_0.created_at,
        r1_0.name,
        r1_0.updated_at 
    from
        roles r1_0 
    where
        r1_0.name=?
Hibernate: 
    select
        u1_0.id,
        u1_0.avatar_url,
        u1_0.created_at,
        u1_0.email,
        u1_0.first_name,
        u1_0.is_deleted,
        u1_0.is_logged_in,
        u1_0.last_name,
        u1_0.password,
        u1_0.phone,
        u1_0.provider,
        u1_0.reset_password_token,
        u1_0.updated_at,
        u1_0.username 
    from
        users u1_0 
    where
        u1_0.email=?
Hibernate: 
    select
        r1_0.user_id,
        r1_1.id,
        r1_1.created_at,
        r1_1.name,
        r1_1.updated_at 
    from
        user_role r1_0 
    join
        roles r1_1 
            on r1_1.id=r1_0.role_id 
    where
        r1_0.user_id=?
2026-03-28T21:53:57.127+07:00  INFO 18992 --- [SE2] [  restartedMain] com.example.SE2.configs.DataSeed         : Admin created: admin@gmail.com
2026-03-28T21:53:57.129+07:00  INFO 18992 --- [SE2] [  restartedMain] .ConditionEvaluationDeltaLoggingListener : Condition evaluation unchanged
[INFO] ------------------------------------------------------------------------
[INFO] BUILD FAILURE
[INFO] ------------------------------------------------------------------------
[INFO] Total time:  08:28 min
[INFO] Finished at: 2026-03-28T21:54:08+07:00
[INFO] ------------------------------------------------------------------------
[ERROR] Failed to execute goal org.springframework.boot:spring-boot-maven-plugin:4.0.1:run (default-cli) on project demo: Process terminated with exit code: 1 -> [Help 1]
[ERROR] 
[ERROR] To see the full stack trace of the errors, re-run Maven with the -e switch.
[ERROR] Re-run Maven using the -X switch to enable full debug logging.
[ERROR] 
[ERROR] For more information about the errors and possible solutions, please read the following articles:
[ERROR] [Help 1] http://cwiki.apache.org/confluence/display/MAVEN/MojoExecutionException
